#
# A fatal error has been detected by the Java Runtime Environment:
#
#  EXCEPTION_ACCESS_VIOLATION (0xc0000005) at pc=0x00007fff55c1e0a9, pid=8328, tid=2836
#
# JRE version: OpenJDK Runtime Environment Microsoft-8035246 (17.0.8+7) (build 17.0.8+7-LTS)
# Java VM: OpenJDK 64-Bit Server VM Microsoft-8035246 (17.0.8+7-LTS, mixed mode, sharing, tiered, compressed oops, compressed class ptrs, g1 gc, windows-amd64)
# Problematic frame:
# V  [jvm.dll+0x2be0a9]
#
# No core dump will be written. Minidumps are not enabled by default on client versions of Windows
#
# If you would like to submit a bug report, please visit:
#   https://github.com/microsoft/openjdk/issues
#

---------------  S U M M A R Y ------------

Command Line: -XX:MaxMetaspaceSize=512m --add-opens=java.base/java.util=ALL-UNNAMED --add-opens=java.base/java.lang=ALL-UNNAMED --add-opens=java.base/java.lang.invoke=ALL-UNNAMED --add-opens=java.prefs/java.util.prefs=ALL-UNNAMED --add-opens=java.base/java.nio.charset=ALL-UNNAMED --add-opens=java.base/java.net=ALL-UNNAMED --add-opens=java.base/java.util.concurrent.atomic=ALL-UNNAMED -Xmx2048m -Dfile.encoding=windows-1252 -Duser.country=US -Duser.language=en -Duser.variant -javaagent:C:\Users\owais\.gradle\wrapper\dists\gradle-8.3-all\6en3ugtfdg5xnpx44z4qbwgas\gradle-8.3\lib\agents\gradle-instrumentation-agent-8.3.jar org.gradle.launcher.daemon.bootstrap.GradleDaemon 8.3

Host: Intel(R) Core(TM) i7-3770 CPU @ 3.40GHz, 8 cores, 7G,  Windows 10 , 64 bit Build 19041 (10.0.19041.3636)
Time: Fri Mar  1 09:23:59 2024 Pacific Standard Time elapsed time: 75.387621 seconds (0d 0h 1m 15s)

---------------  T H R E A D  ---------------

Current thread (0x0000029cccc55f90):  JavaThread "C2 CompilerThread0" daemon [_thread_in_native, id=2836, stack(0x000000bde5700000,0x000000bde5800000)]


Current CompileTask:
C2:  75387 15279   !   4       org.gradle.cache.internal.DefaultMultiProcessSafeIndexedCache::getIfPresent (25 bytes)

Stack: [0x000000bde5700000,0x000000bde5800000],  sp=0x000000bde57fb240,  free space=1004k
Native frames: (J=compiled Java code, j=interpreted, Vv=VM code, C=native code)
V  [jvm.dll+0x2be0a9]
V  [jvm.dll+0x21ba8b]
V  [jvm.dll+0x21944b]
V  [jvm.dll+0x1a56b6]
V  [jvm.dll+0x2291ea]
V  [jvm.dll+0x22724c]
V  [jvm.dll+0x7efd0c]
V  [jvm.dll+0x7ea13a]
V  [jvm.dll+0x67ad85]
C  [ucrtbase.dll+0x21bb2]
C  [KERNEL32.DLL+0x17344]
C  [ntdll.dll+0x526b1]


siginfo: EXCEPTION_ACCESS_VIOLATION (0xc0000005), reading address 0x0000000000000028


Register to memory mapping:

RIP=0x00007fff55c1e0a9 jvm.dll
RAX=0x0000029cf159ad90 points into unknown readable memory: 0x0000000000000000 | 00 00 00 00 00 00 00 00
RBX=0x0000000000001ced is an unknown value
RCX=0x0 is NULL
RDX=0x0 is NULL
RSP=0x000000bde57fb240 is pointing into the stack for thread: 0x0000029cccc55f90
RBP=0x000000bde57fb2b0 is pointing into the stack for thread: 0x0000029cccc55f90
RSI=0x0 is NULL
RDI=0x000000000000005c is an unknown value
R8 =0x000000000000ffe0 is an unknown value
R9 =0x0 is NULL
R10=0x00007fffc6ff0000 VCRUNTIME140.dll
R11=0x0000029cf159adb0 points into unknown readable memory: 0x0000000000000000 | 00 00 00 00 00 00 00 00
R12=0x0000000000000050 is an unknown value
R13=0x0 is NULL
R14=0x0 is NULL
R15=0x000000bde57fe460 is pointing into the stack for thread: 0x0000029cccc55f90


Registers:
RAX=0x0000029cf159ad90, RBX=0x0000000000001ced, RCX=0x0000000000000000, RDX=0x0000000000000000
RSP=0x000000bde57fb240, RBP=0x000000bde57fb2b0, RSI=0x0000000000000000, RDI=0x000000000000005c
R8 =0x000000000000ffe0, R9 =0x0000000000000000, R10=0x00007fffc6ff0000, R11=0x0000029cf159adb0
R12=0x0000000000000050, R13=0x0000000000000000, R14=0x0000000000000000, R15=0x000000bde57fe460
RIP=0x00007fff55c1e0a9, EFLAGS=0x0000000000010202

Top of Stack: (sp=0x000000bde57fb240)
0x000000bde57fb240:   0000000000001ced 0000000000000000
0x000000bde57fb250:   000000bde57fe460 00007fff55b838d1
0x000000bde57fb260:   0000029cccc4e510 00007fff00002000
0x000000bde57fb270:   0000029cf159ad90 0000029c00000000
0x000000bde57fb280:   0000000000000002 0000029ced924230
0x000000bde57fb290:   0000000000000002 0000029cccc4e510
0x000000bde57fb2a0:   0000000000000000 0000000000000000
0x000000bde57fb2b0:   0000029cccc36680 0000029cac8367c0
0x000000bde57fb2c0:   000000000000005c 00007fff562a4c08
0x000000bde57fb2d0:   000000bde57fb3e0 00007fff55b7ba8b
0x000000bde57fb2e0:   000000bde57fe460 00007fff562a4c08
0x000000bde57fb2f0:   000000bde57fe460 000000bde57fb3e0
0x000000bde57fb300:   0000029c00000000 00007fff55f7b7fb
0x000000bde57fb310:   000000bd0000000f 000000bde57fe460
0x000000bde57fb320:   000000bde57fb490 0000000000000000
0x000000bde57fb330:   0000029c00000100 00007fff562a4c08 

Instructions: (pc=0x00007fff55c1e0a9)
0x00007fff55c1dfa9:   3b d0 75 0b ff c1 41 3b c9 7c dc 48 8b c2 c3 33
0x00007fff55c1dfb9:   c0 c3 cc cc cc cc cc 48 89 5c 24 18 55 56 57 41
0x00007fff55c1dfc9:   55 41 57 48 8b ec 48 83 ec 70 65 48 8b 04 25 58
0x00007fff55c1dfd9:   00 00 00 48 8b f2 44 8b 05 d2 8b 90 00 4c 8b f9
0x00007fff55c1dfe9:   4a 8b 1c c0 b8 50 00 00 00 80 3c 18 00 75 05 e8
0x00007fff55c1dff9:   8b 6f 5d 00 b8 20 00 00 00 48 8b 04 18 48 8b 98
0x00007fff55c1e009:   38 02 00 00 48 89 5d b0 c7 45 b8 04 00 00 00 48
0x00007fff55c1e019:   8b 43 18 48 83 f8 df 76 18 4c 8d 05 37 a9 65 00
0x00007fff55c1e029:   ba 20 00 00 00 48 8b cb e8 5a eb de ff 48 8b 43
0x00007fff55c1e039:   18 48 8d 48 20 48 3b 4b 20 76 11 45 33 c0 48 8b
0x00007fff55c1e049:   cb 41 8d 50 20 e8 fd e8 de ff eb 04 48 89 4b 18
0x00007fff55c1e059:   44 8b 45 b8 33 d2 49 c1 e0 03 48 8b c8 48 89 45
0x00007fff55c1e069:   c0 e8 e3 80 5d 00 45 33 ed 48 8d 4d d0 44 89 6d
0x00007fff55c1e079:   c8 e8 01 59 56 00 41 8b 9f 40 02 00 00 41 2b 9f
0x00007fff55c1e089:   68 02 00 00 44 89 6d f0 3b 5d b8 72 0b 8b d3 48
0x00007fff55c1e099:   8d 4d b0 e8 6f b3 39 00 48 8b 45 c0 4c 89 2c d8
0x00007fff55c1e0a9:   8b 7e 28 8b df c1 eb 05 3b 5d d0 72 0b 8b d3 48
0x00007fff55c1e0b9:   8d 4d d0 e8 1f 59 56 00 48 8b 45 d8 83 e7 1f 48
0x00007fff55c1e0c9:   8d 14 98 40 0f b6 cf 41 b8 01 00 00 00 41 d3 e0
0x00007fff55c1e0d9:   8b 0a 8b c1 41 0b c0 89 02 41 85 c8 75 21 8b 5d
0x00007fff55c1e0e9:   c8 8d 43 01 89 45 c8 3b 5d b8 72 0b 8b d3 48 8d
0x00007fff55c1e0f9:   4d b0 e8 10 b3 39 00 48 8b 45 c0 48 89 34 d8 44
0x00007fff55c1e109:   39 6d c8 0f 86 77 01 00 00 4c 89 a4 24 a0 00 00
0x00007fff55c1e119:   00 4c 89 b4 24 a8 00 00 00 48 8b 45 c0 41 8b cd
0x00007fff55c1e129:   48 8b 34 c8 8b 46 2c 25 ff 1f 00 00 3d 04 10 00
0x00007fff55c1e139:   00 0f 85 a7 00 00 00 bb 01 00 00 00 39 5e 18 76
0x00007fff55c1e149:   39 66 0f 1f 44 00 00 48 8b 46 08 8b cb 48 8b 14
0x00007fff55c1e159:   c8 48 85 d2 74 1d 48 83 7a 10 00 74 16 80 7a 2c
0x00007fff55c1e169:   84 74 10 e8 7f 7e ee ff 48 8b d0 49 8b cf e8 a4
0x00007fff55c1e179:   61 f6 ff ff c3 3b 5e 18 72 cd 48 8b 5e 10 8b 46
0x00007fff55c1e189:   20 4c 8d 34 c3 49 3b de 73 54 48 8b 3b 8b 47 2c
0x00007fff55c1e199:   83 e0 03 3c 03 75 2e 48 8b 07 48 8b cf ff 90 88 


Stack slot to memory mapping:
stack at sp + 0 slots: 0x0000000000001ced is an unknown value
stack at sp + 1 slots: 0x0 is NULL
stack at sp + 2 slots: 0x000000bde57fe460 is pointing into the stack for thread: 0x0000029cccc55f90
stack at sp + 3 slots: 0x00007fff55b838d1 jvm.dll
stack at sp + 4 slots: 0x0000029cccc4e510 points into unknown readable memory: 0x0000000000000006 | 06 00 00 00 00 00 00 00
stack at sp + 5 slots: 0x00007fff00002000 is an unknown value
stack at sp + 6 slots: 0x0000029cf159ad90 points into unknown readable memory: 0x0000000000000000 | 00 00 00 00 00 00 00 00
stack at sp + 7 slots: 0x0000029c00000000 is an unknown value


---------------  P R O C E S S  ---------------

Threads class SMR info:
_java_thread_list=0x0000029cf294a710, length=143, elements={
0x0000029cac81f400, 0x0000029cccc374b0, 0x0000029cccc38330, 0x0000029cccc4ffc0,
0x0000029cccc50d50, 0x0000029cccc54830, 0x0000029cccc551f0, 0x0000029cccc55f90,
0x0000029cccc57a50, 0x0000029cccc58450, 0x0000029cec05ca20, 0x0000029cec2180b0,
0x0000029cedaaaf00, 0x0000029cece039e0, 0x0000029cec9fa920, 0x0000029cec0d4ae0,
0x0000029cec415bb0, 0x0000029cecc2f3a0, 0x0000029cecc2ee90, 0x0000029cecc2e980,
0x0000029cecc2da50, 0x0000029cecc2bbf0, 0x0000029cecc2e470, 0x0000029cecc2c610,
0x0000029cecc2cb20, 0x0000029cecc2d030, 0x0000029cecc2d540, 0x0000029cecc2df60,
0x0000029cef7babc0, 0x0000029cef7be370, 0x0000029cef7bbaf0, 0x0000029cef7bb0d0,
0x0000029cef7bca20, 0x0000029cef7bc000, 0x0000029cef7bc510, 0x0000029cef7bd950,
0x0000029cef7b9c90, 0x0000029cef7bcf30, 0x0000029cef7bb5e0, 0x0000029cef7bd440,
0x0000029cef7bde60, 0x0000029cef7be880, 0x0000029cef7bed90, 0x0000029cef7bf2a0,
0x0000029cef7b8340, 0x0000029cef7b8850, 0x0000029cef7b7e30, 0x0000029cef7b9270,
0x0000029cef7b9780, 0x0000029cefdcf2e0, 0x0000029cefdd0210, 0x0000029cefdd1b60,
0x0000029cefdd0720, 0x0000029cefdd0c30, 0x0000029cefdd2580, 0x0000029cefdd1140,
0x0000029cefdd1650, 0x0000029cefdd2a90, 0x0000029cefdcf7f0, 0x0000029cefdcfd00,
0x0000029cefba6c60, 0x0000029cefba0210, 0x0000029cefba48f0, 0x0000029cefba2a90,
0x0000029cefba0720, 0x0000029cefba1b60, 0x0000029cefba3ed0, 0x0000029cefba1650,
0x0000029cefba0c30, 0x0000029cefba2070, 0x0000029cefba1140, 0x0000029cefba4e00,
0x0000029cefba6240, 0x0000029cefba5310, 0x0000029cefba7170, 0x0000029cefba2580,
0x0000029cefb9fd00, 0x0000029cefba6750, 0x0000029cefba5820, 0x0000029cefba34b0,
0x0000029cefba5d30, 0x0000029cefba39c0, 0x0000029cefba7680, 0x0000029cefba43e0,
0x0000029cee9d4670, 0x0000029cee9d18e0, 0x0000029cee9d3c50, 0x0000029cee9d1df0,
0x0000029cee9d2810, 0x0000029cee9d2d20, 0x0000029cee9d3740, 0x0000029cee9d4160,
0x0000029cee9d4b80, 0x0000029cee9d5090, 0x0000029cee9cf060, 0x0000029cee9d5ab0,
0x0000029cee9d55a0, 0x0000029cee9d5fc0, 0x0000029cee9d64d0, 0x0000029cee9d69e0,
0x0000029cee9cf570, 0x0000029cf1aa5100, 0x0000029cf1aa4bf0, 0x0000029cf1aa3cc0,
0x0000029cf1aa5610, 0x0000029cf1aa1950, 0x0000029cf1aa5b20, 0x0000029cf1aa1e60,
0x0000029cf1aa41d0, 0x0000029cf1aa6030, 0x0000029cf1aa6a50, 0x0000029cf1aa2880,
0x0000029cf1aa83a0, 0x0000029cf1aa2d90, 0x0000029cf1aa88b0, 0x0000029cf1aa6f60,
0x0000029cf1aa7470, 0x0000029cf1aa7980, 0x0000029cf1aa1440, 0x0000029cf1aa32a0,
0x0000029cf1aa37b0, 0x0000029cf1aa8dc0, 0x0000029cf1aa2370, 0x0000029cefe125f0,
0x0000029cefe0cfe0, 0x0000029cefe13520, 0x0000029cefe120e0, 0x0000029cefe12b00,
0x0000029cefe14450, 0x0000029cefe14960, 0x0000029cefe0f860, 0x0000029cefe13010,
0x0000029cefe111b0, 0x0000029cefe13f40, 0x0000029cefe13a30, 0x0000029cefe0f350,
0x0000029cefe0df10, 0x0000029cefe0d4f0, 0x0000029cefe0fd70, 0x0000029cefe10790,
0x0000029cefe116c0, 0x0000029cefe0da00, 0x0000029cefe0e420
}

Java Threads: ( => current thread )
  0x0000029cac81f400 JavaThread "main" [_thread_blocked, id=7428, stack(0x000000bde4a00000,0x000000bde4b00000)]
  0x0000029cccc374b0 JavaThread "Reference Handler" daemon [_thread_blocked, id=2344, stack(0x000000bde5100000,0x000000bde5200000)]
  0x0000029cccc38330 JavaThread "Finalizer" daemon [_thread_blocked, id=19068, stack(0x000000bde5200000,0x000000bde5300000)]
  0x0000029cccc4ffc0 JavaThread "Signal Dispatcher" daemon [_thread_blocked, id=5536, stack(0x000000bde5300000,0x000000bde5400000)]
  0x0000029cccc50d50 JavaThread "Attach Listener" daemon [_thread_blocked, id=17332, stack(0x000000bde5400000,0x000000bde5500000)]
  0x0000029cccc54830 JavaThread "Service Thread" daemon [_thread_blocked, id=19388, stack(0x000000bde5500000,0x000000bde5600000)]
  0x0000029cccc551f0 JavaThread "Monitor Deflation Thread" daemon [_thread_blocked, id=8868, stack(0x000000bde5600000,0x000000bde5700000)]
=>0x0000029cccc55f90 JavaThread "C2 CompilerThread0" daemon [_thread_in_native, id=2836, stack(0x000000bde5700000,0x000000bde5800000)]
  0x0000029cccc57a50 JavaThread "C1 CompilerThread0" daemon [_thread_in_native, id=16488, stack(0x000000bde5800000,0x000000bde5900000)]
  0x0000029cccc58450 JavaThread "Sweeper thread" daemon [_thread_blocked, id=11124, stack(0x000000bde5900000,0x000000bde5a00000)]
  0x0000029cec05ca20 JavaThread "Common-Cleaner" daemon [_thread_blocked, id=9576, stack(0x000000bde5a00000,0x000000bde5b00000)]
  0x0000029cec2180b0 JavaThread "Notification Thread" daemon [_thread_blocked, id=19988, stack(0x000000bde5b00000,0x000000bde5c00000)]
  0x0000029cedaaaf00 JavaThread "Daemon health stats" [_thread_blocked, id=11884, stack(0x000000bde6100000,0x000000bde6200000)]
  0x0000029cece039e0 JavaThread "Incoming local TCP Connector on port 52295" [_thread_in_native, id=12368, stack(0x000000bde6200000,0x000000bde6300000)]
  0x0000029cec9fa920 JavaThread "Daemon periodic checks" [_thread_in_native, id=16872, stack(0x000000bde6300000,0x000000bde6400000)]
  0x0000029cec0d4ae0 JavaThread "Daemon" [_thread_blocked, id=19340, stack(0x000000bde6400000,0x000000bde6500000)]
  0x0000029cec415bb0 JavaThread "Handler for socket connection from /127.0.0.1:52295 to /127.0.0.1:52296" [_thread_in_native, id=6288, stack(0x000000bde6500000,0x000000bde6600000)]
  0x0000029cecc2f3a0 JavaThread "Cancel handler" [_thread_blocked, id=7988, stack(0x000000bde6600000,0x000000bde6700000)]
  0x0000029cecc2ee90 JavaThread "Daemon worker" [_thread_blocked, id=1568, stack(0x000000bde6700000,0x000000bde6800000)]
  0x0000029cecc2e980 JavaThread "Asynchronous log dispatcher for DefaultDaemonConnection: socket connection from /127.0.0.1:52295 to /127.0.0.1:52296" [_thread_blocked, id=12236, stack(0x000000bde6800000,0x000000bde6900000)]
  0x0000029cecc2da50 JavaThread "Stdin handler" [_thread_blocked, id=17456, stack(0x000000bde6900000,0x000000bde6a00000)]
  0x0000029cecc2bbf0 JavaThread "Daemon client event forwarder" [_thread_blocked, id=2504, stack(0x000000bde6a00000,0x000000bde6b00000)]
  0x0000029cecc2e470 JavaThread "Cache worker for journal cache (C:\Users\owais\.gradle\caches\journal-1)" [_thread_blocked, id=12036, stack(0x000000bde6b00000,0x000000bde6c00000)]
  0x0000029cecc2c610 JavaThread "File lock request listener" [_thread_in_native, id=7656, stack(0x000000bde6c00000,0x000000bde6d00000)]
  0x0000029cecc2cb20 JavaThread "Cache worker for file hash cache (C:\Users\owais\.gradle\caches\8.3\fileHashes)" [_thread_blocked, id=20436, stack(0x000000bde6d00000,0x000000bde6e00000)]
  0x0000029cecc2d030 JavaThread "File watcher server" daemon [_thread_in_native, id=11344, stack(0x000000bde7100000,0x000000bde7200000)]
  0x0000029cecc2d540 JavaThread "File watcher consumer" daemon [_thread_blocked, id=14308, stack(0x000000bde7200000,0x000000bde7300000)]
  0x0000029cecc2df60 JavaThread "Cache worker for checksums cache (F:\Agency\android\.gradle\8.3\checksums)" [_thread_blocked, id=14968, stack(0x000000bde7300000,0x000000bde7400000)]
  0x0000029cef7babc0 JavaThread "Cache worker for file hash cache (F:\Agency\android\.gradle\8.3\fileHashes)" [_thread_blocked, id=17596, stack(0x000000bde7400000,0x000000bde7500000)]
  0x0000029cef7be370 JavaThread "Cache worker for cache directory md-supplier (C:\Users\owais\.gradle\caches\8.3\md-supplier)" [_thread_blocked, id=7248, stack(0x000000bde7500000,0x000000bde7600000)]
  0x0000029cef7bbaf0 JavaThread "Cache worker for file content cache (C:\Users\owais\.gradle\caches\8.3\fileContent)" [_thread_blocked, id=1836, stack(0x000000bde7600000,0x000000bde7700000)]
  0x0000029cef7bb0d0 JavaThread "Cache worker for cache directory md-rule (C:\Users\owais\.gradle\caches\8.3\md-rule)" [_thread_blocked, id=7816, stack(0x000000bde7800000,0x000000bde7900000)]
  0x0000029cef7bca20 JavaThread "Cache worker for execution history cache (C:\Users\owais\.gradle\caches\8.3\executionHistory)" [_thread_blocked, id=2200, stack(0x000000bde7900000,0x000000bde7a00000)]
  0x0000029cef7bc000 JavaThread "jar transforms" [_thread_blocked, id=3348, stack(0x000000bde7a00000,0x000000bde7b00000)]
  0x0000029cef7bc510 JavaThread "jar transforms Thread 2" [_thread_blocked, id=2492, stack(0x000000bde7b00000,0x000000bde7c00000)]
  0x0000029cef7bd950 JavaThread "jar transforms Thread 3" [_thread_blocked, id=11468, stack(0x000000bde7c00000,0x000000bde7d00000)]
  0x0000029cef7b9c90 JavaThread "jar transforms Thread 4" [_thread_blocked, id=18304, stack(0x000000bde7d00000,0x000000bde7e00000)]
  0x0000029cef7bcf30 JavaThread "Cache worker for kotlin-dsl (C:\Users\owais\.gradle\caches\8.3\kotlin-dsl)" [_thread_blocked, id=3424, stack(0x000000bde7e00000,0x000000bde7f00000)]
  0x0000029cef7bb5e0 JavaThread "jar transforms Thread 5" [_thread_blocked, id=5516, stack(0x000000bde7f00000,0x000000bde8000000)]
  0x0000029cef7bd440 JavaThread "jar transforms Thread 6" [_thread_blocked, id=9372, stack(0x000000bde8000000,0x000000bde8100000)]
  0x0000029cef7bde60 JavaThread "Unconstrained build operations" [_thread_blocked, id=14220, stack(0x000000bde4900000,0x000000bde4a00000)]
  0x0000029cef7be880 JavaThread "Unconstrained build operations Thread 2" [_thread_blocked, id=2540, stack(0x000000bde8200000,0x000000bde8300000)]
  0x0000029cef7bed90 JavaThread "jar transforms Thread 7" [_thread_blocked, id=6148, stack(0x000000bde8300000,0x000000bde8400000)]
  0x0000029cef7bf2a0 JavaThread "jar transforms Thread 8" [_thread_blocked, id=19876, stack(0x000000bde8400000,0x000000bde8500000)]
  0x0000029cef7b8340 JavaThread "Cache worker for dependencies-accessors (F:\Agency\android\.gradle\8.3\dependencies-accessors)" [_thread_blocked, id=18192, stack(0x000000bde8500000,0x000000bde8600000)]
  0x0000029cef7b8850 JavaThread "Cache worker for Build Output Cleanup Cache (F:\Agency\node_modules\@react-native\gradle-plugin\.gradle\buildOutputCleanup)" [_thread_blocked, id=19724, stack(0x000000bde8600000,0x000000bde8700000)]
  0x0000029cef7b7e30 JavaThread "Unconstrained build operations Thread 3" [_thread_blocked, id=15076, stack(0x000000bde8700000,0x000000bde8800000)]
  0x0000029cef7b9270 JavaThread "Unconstrained build operations Thread 4" [_thread_blocked, id=17896, stack(0x000000bde8800000,0x000000bde8900000)]
  0x0000029cef7b9780 JavaThread "Unconstrained build operations Thread 5" [_thread_blocked, id=13512, stack(0x000000bde8900000,0x000000bde8a00000)]
  0x0000029cefdcf2e0 JavaThread "Unconstrained build operations Thread 6" [_thread_blocked, id=13824, stack(0x000000bde8a00000,0x000000bde8b00000)]
  0x0000029cefdd0210 JavaThread "Unconstrained build operations Thread 7" [_thread_blocked, id=1000, stack(0x000000bde8b00000,0x000000bde8c00000)]
  0x0000029cefdd1b60 JavaThread "Unconstrained build operations Thread 8" [_thread_blocked, id=19180, stack(0x000000bde8c00000,0x000000bde8d00000)]
  0x0000029cefdd0720 JavaThread "Unconstrained build operations Thread 9" [_thread_blocked, id=13004, stack(0x000000bde8d00000,0x000000bde8e00000)]
  0x0000029cefdd0c30 JavaThread "Memory manager" [_thread_blocked, id=9388, stack(0x000000bde9000000,0x000000bde9100000)]
  0x0000029cefdd2580 JavaThread "Cache worker for Build Output Cleanup Cache (F:\Agency\android\.gradle\buildOutputCleanup)" [_thread_blocked, id=6760, stack(0x000000bde9100000,0x000000bde9200000)]
  0x0000029cefdd1140 JavaThread "ForkJoinPool.commonPool-worker-1" daemon [_thread_blocked, id=15180, stack(0x000000bde9200000,0x000000bde9300000)]
  0x0000029cefdd1650 JavaThread "ForkJoinPool.commonPool-worker-2" daemon [_thread_blocked, id=19244, stack(0x000000bde9300000,0x000000bde9400000)]
  0x0000029cefdd2a90 JavaThread "ForkJoinPool.commonPool-worker-3" daemon [_thread_blocked, id=3940, stack(0x000000bde9400000,0x000000bde9500000)]
  0x0000029cefdcf7f0 JavaThread "ForkJoinPool.commonPool-worker-4" daemon [_thread_blocked, id=17704, stack(0x000000bde9500000,0x000000bde9600000)]
  0x0000029cefdcfd00 JavaThread "ForkJoinPool.commonPool-worker-5" daemon [_thread_blocked, id=15264, stack(0x000000bde9600000,0x000000bde9700000)]
  0x0000029cefba6c60 JavaThread "ForkJoinPool.commonPool-worker-6" daemon [_thread_blocked, id=15096, stack(0x000000bde9700000,0x000000bde9800000)]
  0x0000029cefba0210 JavaThread "ForkJoinPool.commonPool-worker-7" daemon [_thread_blocked, id=15872, stack(0x000000bde9800000,0x000000bde9900000)]
  0x0000029cefba48f0 JavaThread "included builds" [_thread_blocked, id=13924, stack(0x000000bde9900000,0x000000bde9a00000)]
  0x0000029cefba2a90 JavaThread "Execution worker" [_thread_blocked, id=12744, stack(0x000000bde9a00000,0x000000bde9b00000)]
  0x0000029cefba0720 JavaThread "Execution worker Thread 2" [_thread_blocked, id=6656, stack(0x000000bde9b00000,0x000000bde9c00000)]
  0x0000029cefba1b60 JavaThread "Execution worker Thread 3" [_thread_in_vm, id=948, stack(0x000000bde9c00000,0x000000bde9d00000)]
  0x0000029cefba3ed0 JavaThread "Execution worker Thread 4" [_thread_blocked, id=17464, stack(0x000000bde9d00000,0x000000bde9e00000)]
  0x0000029cefba1650 JavaThread "Execution worker Thread 5" [_thread_blocked, id=9600, stack(0x000000bde9e00000,0x000000bde9f00000)]
  0x0000029cefba0c30 JavaThread "Execution worker Thread 6" [_thread_blocked, id=15492, stack(0x000000bde9f00000,0x000000bdea000000)]
  0x0000029cefba2070 JavaThread "Execution worker Thread 7" [_thread_blocked, id=2152, stack(0x000000bdea000000,0x000000bdea100000)]
  0x0000029cefba1140 JavaThread "Cache worker for execution history cache (F:\Agency\node_modules\@react-native\gradle-plugin\.gradle\8.3\executionHistory)" [_thread_blocked, id=9520, stack(0x000000bdea100000,0x000000bdea200000)]
  0x0000029cefba4e00 JavaThread "Unconstrained build operations Thread 10" [_thread_blocked, id=2260, stack(0x000000bdea200000,0x000000bdea300000)]
  0x0000029cefba6240 JavaThread "Unconstrained build operations Thread 11" [_thread_blocked, id=11012, stack(0x000000bdea300000,0x000000bdea400000)]
  0x0000029cefba5310 JavaThread "Unconstrained build operations Thread 12" [_thread_blocked, id=12936, stack(0x000000bdea400000,0x000000bdea500000)]
  0x0000029cefba7170 JavaThread "Unconstrained build operations Thread 13" [_thread_blocked, id=5276, stack(0x000000bdea500000,0x000000bdea600000)]
  0x0000029cefba2580 JavaThread "Unconstrained build operations Thread 14" [_thread_blocked, id=7276, stack(0x000000bdea600000,0x000000bdea700000)]
  0x0000029cefb9fd00 JavaThread "Unconstrained build operations Thread 15" [_thread_blocked, id=7128, stack(0x000000bdea700000,0x000000bdea800000)]
  0x0000029cefba6750 JavaThread "Unconstrained build operations Thread 16" [_thread_blocked, id=3560, stack(0x000000bdea800000,0x000000bdea900000)]
  0x0000029cefba5820 JavaThread "Unconstrained build operations Thread 17" [_thread_blocked, id=16968, stack(0x000000bdea900000,0x000000bdeaa00000)]
  0x0000029cefba34b0 JavaThread "Unconstrained build operations Thread 18" [_thread_blocked, id=2868, stack(0x000000bdeaa00000,0x000000bdeab00000)]
  0x0000029cefba5d30 JavaThread "Unconstrained build operations Thread 19" [_thread_blocked, id=11340, stack(0x000000bdeab00000,0x000000bdeac00000)]
  0x0000029cefba39c0 JavaThread "Unconstrained build operations Thread 20" [_thread_blocked, id=4156, stack(0x000000bdeac00000,0x000000bdead00000)]
  0x0000029cefba7680 JavaThread "Unconstrained build operations Thread 21" [_thread_blocked, id=10428, stack(0x000000bdead00000,0x000000bdeae00000)]
  0x0000029cefba43e0 JavaThread "Unconstrained build operations Thread 22" [_thread_blocked, id=5540, stack(0x000000bdeae00000,0x000000bdeaf00000)]
  0x0000029cee9d4670 JavaThread "Unconstrained build operations Thread 23" [_thread_blocked, id=11200, stack(0x000000bdeaf00000,0x000000bdeb000000)]
  0x0000029cee9d18e0 JavaThread "Unconstrained build operations Thread 24" [_thread_blocked, id=260, stack(0x000000bdeb000000,0x000000bdeb100000)]
  0x0000029cee9d3c50 JavaThread "Unconstrained build operations Thread 25" [_thread_blocked, id=16996, stack(0x000000bdeb100000,0x000000bdeb200000)]
  0x0000029cee9d1df0 JavaThread "Unconstrained build operations Thread 26" [_thread_blocked, id=10576, stack(0x000000bdeb200000,0x000000bdeb300000)]
  0x0000029cee9d2810 JavaThread "Unconstrained build operations Thread 27" [_thread_blocked, id=14236, stack(0x000000bdeb300000,0x000000bdeb400000)]
  0x0000029cee9d2d20 JavaThread "Unconstrained build operations Thread 28" [_thread_blocked, id=6516, stack(0x000000bdeb400000,0x000000bdeb500000)]
  0x0000029cee9d3740 JavaThread "Unconstrained build operations Thread 29" [_thread_blocked, id=3396, stack(0x000000bdeb500000,0x000000bdeb600000)]
  0x0000029cee9d4160 JavaThread "Unconstrained build operations Thread 30" [_thread_blocked, id=864, stack(0x000000bdeb600000,0x000000bdeb700000)]
  0x0000029cee9d4b80 JavaThread "Unconstrained build operations Thread 31" [_thread_blocked, id=9112, stack(0x000000bdeb700000,0x000000bdeb800000)]
  0x0000029cee9d5090 JavaThread "Unconstrained build operations Thread 32" [_thread_blocked, id=2220, stack(0x000000bdeb800000,0x000000bdeb900000)]
  0x0000029cee9cf060 JavaThread "Unconstrained build operations Thread 33" [_thread_blocked, id=8832, stack(0x000000bde4700000,0x000000bde4800000)]
  0x0000029cee9d5ab0 JavaThread "Unconstrained build operations Thread 34" [_thread_blocked, id=15436, stack(0x000000bde4800000,0x000000bde4900000)]
  0x0000029cee9d55a0 JavaThread "Unconstrained build operations Thread 35" [_thread_blocked, id=9272, stack(0x000000bdeb900000,0x000000bdeba00000)]
  0x0000029cee9d5fc0 JavaThread "Unconstrained build operations Thread 36" [_thread_blocked, id=9040, stack(0x000000bdeba00000,0x000000bdebb00000)]
  0x0000029cee9d64d0 JavaThread "Unconstrained build operations Thread 37" [_thread_blocked, id=7884, stack(0x000000bdebb00000,0x000000bdebc00000)]
  0x0000029cee9d69e0 JavaThread "Unconstrained build operations Thread 38" [_thread_blocked, id=8196, stack(0x000000bdebc00000,0x000000bdebd00000)]
  0x0000029cee9cf570 JavaThread "Unconstrained build operations Thread 39" [_thread_blocked, id=3928, stack(0x000000bdebd00000,0x000000bdebe00000)]
  0x0000029cf1aa5100 JavaThread "Unconstrained build operations Thread 40" [_thread_blocked, id=10712, stack(0x000000bdec000000,0x000000bdec100000)]
  0x0000029cf1aa4bf0 JavaThread "Unconstrained build operations Thread 41" [_thread_blocked, id=7568, stack(0x000000bdec100000,0x000000bdec200000)]
  0x0000029cf1aa3cc0 JavaThread "Unconstrained build operations Thread 42" [_thread_blocked, id=13136, stack(0x000000bdec200000,0x000000bdec300000)]
  0x0000029cf1aa5610 JavaThread "Unconstrained build operations Thread 43" [_thread_blocked, id=7628, stack(0x000000bdec300000,0x000000bdec400000)]
  0x0000029cf1aa1950 JavaThread "Unconstrained build operations Thread 44" [_thread_blocked, id=11928, stack(0x000000bdec400000,0x000000bdec500000)]
  0x0000029cf1aa5b20 JavaThread "Unconstrained build operations Thread 45" [_thread_blocked, id=17840, stack(0x000000bdec500000,0x000000bdec600000)]
  0x0000029cf1aa1e60 JavaThread "Unconstrained build operations Thread 46" [_thread_blocked, id=19712, stack(0x000000bdec600000,0x000000bdec700000)]
  0x0000029cf1aa41d0 JavaThread "Unconstrained build operations Thread 47" [_thread_blocked, id=17212, stack(0x000000bdec700000,0x000000bdec800000)]
  0x0000029cf1aa6030 JavaThread "Unconstrained build operations Thread 48" [_thread_blocked, id=17460, stack(0x000000bdec800000,0x000000bdec900000)]
  0x0000029cf1aa6a50 JavaThread "Unconstrained build operations Thread 49" [_thread_blocked, id=10568, stack(0x000000bdec900000,0x000000bdeca00000)]
  0x0000029cf1aa2880 JavaThread "Unconstrained build operations Thread 50" [_thread_blocked, id=2620, stack(0x000000bdeca00000,0x000000bdecb00000)]
  0x0000029cf1aa83a0 JavaThread "Unconstrained build operations Thread 51" [_thread_blocked, id=7528, stack(0x000000bdecb00000,0x000000bdecc00000)]
  0x0000029cf1aa2d90 JavaThread "Unconstrained build operations Thread 52" [_thread_blocked, id=17828, stack(0x000000bdecc00000,0x000000bdecd00000)]
  0x0000029cf1aa88b0 JavaThread "Unconstrained build operations Thread 53" [_thread_blocked, id=660, stack(0x000000bdecd00000,0x000000bdece00000)]
  0x0000029cf1aa6f60 JavaThread "Unconstrained build operations Thread 54" [_thread_blocked, id=15712, stack(0x000000bdece00000,0x000000bdecf00000)]
  0x0000029cf1aa7470 JavaThread "Unconstrained build operations Thread 55" [_thread_blocked, id=17140, stack(0x000000bdecf00000,0x000000bded000000)]
  0x0000029cf1aa7980 JavaThread "Unconstrained build operations Thread 56" [_thread_blocked, id=6152, stack(0x000000bded000000,0x000000bded100000)]
  0x0000029cf1aa1440 JavaThread "Unconstrained build operations Thread 57" [_thread_blocked, id=7388, stack(0x000000bded100000,0x000000bded200000)]
  0x0000029cf1aa32a0 JavaThread "Unconstrained build operations Thread 58" [_thread_blocked, id=14480, stack(0x000000bded200000,0x000000bded300000)]
  0x0000029cf1aa37b0 JavaThread "Unconstrained build operations Thread 59" [_thread_blocked, id=2760, stack(0x000000bded300000,0x000000bded400000)]
  0x0000029cf1aa8dc0 JavaThread "Unconstrained build operations Thread 60" [_thread_blocked, id=6252, stack(0x000000bded400000,0x000000bded500000)]
  0x0000029cf1aa2370 JavaThread "Unconstrained build operations Thread 61" [_thread_blocked, id=17480, stack(0x000000bded500000,0x000000bded600000)]
  0x0000029cefe125f0 JavaThread "Unconstrained build operations Thread 62" [_thread_blocked, id=5112, stack(0x000000bded600000,0x000000bded700000)]
  0x0000029cefe0cfe0 JavaThread "Unconstrained build operations Thread 63" [_thread_blocked, id=4608, stack(0x000000bded700000,0x000000bded800000)]
  0x0000029cefe13520 JavaThread "Unconstrained build operations Thread 64" [_thread_blocked, id=3676, stack(0x000000bded800000,0x000000bded900000)]
  0x0000029cefe120e0 JavaThread "Unconstrained build operations Thread 65" [_thread_blocked, id=16856, stack(0x000000bded900000,0x000000bdeda00000)]
  0x0000029cefe12b00 JavaThread "Unconstrained build operations Thread 66" [_thread_blocked, id=2824, stack(0x000000bdeda00000,0x000000bdedb00000)]
  0x0000029cefe14450 JavaThread "Cache worker for execution history cache (F:\Agency\android\.gradle\8.3\executionHistory)" [_thread_blocked, id=12664, stack(0x000000bdedb00000,0x000000bdedc00000)]
  0x0000029cefe14960 JavaThread "Unconstrained build operations Thread 67" [_thread_blocked, id=17800, stack(0x000000bdedc00000,0x000000bdedd00000)]
  0x0000029cefe0f860 JavaThread "Unconstrained build operations Thread 68" [_thread_blocked, id=16512, stack(0x000000bdedd00000,0x000000bdede00000)]
  0x0000029cefe13010 JavaThread "Unconstrained build operations Thread 69" [_thread_blocked, id=17636, stack(0x000000bdede00000,0x000000bdedf00000)]
  0x0000029cefe111b0 JavaThread "Unconstrained build operations Thread 70" [_thread_blocked, id=17648, stack(0x000000bdedf00000,0x000000bdee000000)]
  0x0000029cefe13f40 JavaThread "Unconstrained build operations Thread 71" [_thread_blocked, id=18568, stack(0x000000bdee000000,0x000000bdee100000)]
  0x0000029cefe13a30 JavaThread "Unconstrained build operations Thread 72" [_thread_blocked, id=17396, stack(0x000000bdee100000,0x000000bdee200000)]
  0x0000029cefe0f350 JavaThread "Unconstrained build operations Thread 73" [_thread_blocked, id=4728, stack(0x000000bdee200000,0x000000bdee300000)]
  0x0000029cefe0df10 JavaThread "Unconstrained build operations Thread 74" [_thread_blocked, id=8520, stack(0x000000bdee300000,0x000000bdee400000)]
  0x0000029cefe0d4f0 JavaThread "Unconstrained build operations Thread 75" [_thread_blocked, id=7084, stack(0x000000bdee400000,0x000000bdee500000)]
  0x0000029cefe0fd70 JavaThread "Unconstrained build operations Thread 76" [_thread_blocked, id=944, stack(0x000000bdee500000,0x000000bdee600000)]
  0x0000029cefe10790 JavaThread "Unconstrained build operations Thread 77" [_thread_blocked, id=18656, stack(0x000000bdee600000,0x000000bdee700000)]
  0x0000029cefe116c0 JavaThread "Unconstrained build operations Thread 78" [_thread_blocked, id=17056, stack(0x000000bdee700000,0x000000bdee800000)]
  0x0000029cefe0da00 JavaThread "Unconstrained build operations Thread 79" [_thread_blocked, id=4252, stack(0x000000bdee800000,0x000000bdee900000)]
  0x0000029cefe0e420 JavaThread "Unconstrained build operations Thread 80" [_thread_blocked, id=17404, stack(0x000000bdee900000,0x000000bdeea00000)]

Other Threads:
  0x0000029cccc2f1e0 VMThread "VM Thread" [stack: 0x000000bde5000000,0x000000bde5100000] [id=11020]
  0x0000029cec1ad660 WatcherThread [stack: 0x000000bde5c00000,0x000000bde5d00000] [id=1244]
  0x0000029cac87e6b0 GCTaskThread "GC Thread#0" [stack: 0x000000bde4b00000,0x000000bde4c00000] [id=6096]
  0x0000029ceca02a30 GCTaskThread "GC Thread#1" [stack: 0x000000bde5d00000,0x000000bde5e00000] [id=10824]
  0x0000029cecc59590 GCTaskThread "GC Thread#2" [stack: 0x000000bde5e00000,0x000000bde5f00000] [id=6520]
  0x0000029ceca73580 GCTaskThread "GC Thread#3" [stack: 0x000000bde5f00000,0x000000bde6000000] [id=15320]
  0x0000029cecabf660 GCTaskThread "GC Thread#4" [stack: 0x000000bde6000000,0x000000bde6100000] [id=892]
  0x0000029ced4f25d0 GCTaskThread "GC Thread#5" [stack: 0x000000bde6e00000,0x000000bde6f00000] [id=8476]
  0x0000029cec1cfe40 GCTaskThread "GC Thread#6" [stack: 0x000000bde6f00000,0x000000bde7000000] [id=19372]
  0x0000029cec1d0100 GCTaskThread "GC Thread#7" [stack: 0x000000bde7000000,0x000000bde7100000] [id=17088]
  0x0000029cac890db0 ConcurrentGCThread "G1 Main Marker" [stack: 0x000000bde4c00000,0x000000bde4d00000] [id=1232]
  0x0000029cac8917c0 ConcurrentGCThread "G1 Conc#0" [stack: 0x000000bde4d00000,0x000000bde4e00000] [id=11580]
  0x0000029cee718b90 ConcurrentGCThread "G1 Conc#1" [stack: 0x000000bde7700000,0x000000bde7800000] [id=17836]
  0x0000029cac8de900 ConcurrentGCThread "G1 Refine#0" [stack: 0x000000bde4e00000,0x000000bde4f00000] [id=17900]
  0x0000029ceeb70ff0 ConcurrentGCThread "G1 Refine#1" [stack: 0x000000bdebe00000,0x000000bdebf00000] [id=9584]
  0x0000029ceeb744d0 ConcurrentGCThread "G1 Refine#2" [stack: 0x000000bdebf00000,0x000000bdec000000] [id=20336]
  0x0000029cccaea4f0 ConcurrentGCThread "G1 Service" [stack: 0x000000bde4f00000,0x000000bde5000000] [id=1956]

Threads with active compile tasks:
C2 CompilerThread0    75676 15279   !   4       org.gradle.cache.internal.DefaultMultiProcessSafeIndexedCache::getIfPresent (25 bytes)

VM state: not at safepoint (normal execution)

VM Mutex/Monitor currently owned by a thread: None

Heap address: 0x0000000080000000, size: 2048 MB, Compressed Oops mode: 32-bit

CDS archive(s) mapped at: [0x0000029ccd000000-0x0000029ccdbd0000-0x0000029ccdbd0000), size 12386304, SharedBaseAddress: 0x0000029ccd000000, ArchiveRelocationMode: 1.
Compressed class space mapped at: 0x0000029cce000000-0x0000029ce8000000, reserved size: 436207616
Narrow klass base: 0x0000029ccd000000, Narrow klass shift: 0, Narrow klass range: 0x100000000

GC Precious Log:
 CPUs: 8 total, 8 available
 Memory: 8157M
 Large Page Support: Disabled
 NUMA Support: Disabled
 Compressed Oops: Enabled (32-bit)
 Heap Region Size: 1M
 Heap Min Capacity: 8M
 Heap Initial Capacity: 128M
 Heap Max Capacity: 2G
 Pre-touch: Disabled
 Parallel Workers: 8
 Concurrent Workers: 2
 Concurrent Refinement Workers: 8
 Periodic GC: Disabled

Heap:
 garbage-first heap   total 201728K, used 172665K [0x0000000080000000, 0x0000000100000000)
  region size 1024K, 15 young (15360K), 2 survivors (2048K)
 Metaspace       used 103195K, committed 104192K, reserved 557056K
  class space    used 14369K, committed 14848K, reserved 425984K

Heap Regions: E=young(eden), S=young(survivor), O=old, HS=humongous(starts), HC=humongous(continues), CS=collection set, F=free, OA=open archive, CA=closed archive, TAMS=top-at-mark-start (previous, next)
|   0|0x0000000080000000, 0x0000000080100000, 0x0000000080100000|100%|HS|  |TAMS 0x0000000080100000, 0x0000000080000000| Complete 
|   1|0x0000000080100000, 0x0000000080200000, 0x0000000080200000|100%|HC|  |TAMS 0x0000000080200000, 0x0000000080100000| Complete 
|   2|0x0000000080200000, 0x0000000080300000, 0x0000000080300000|100%|HC|  |TAMS 0x0000000080300000, 0x0000000080200000| Complete 
|   3|0x0000000080300000, 0x0000000080400000, 0x0000000080400000|100%|HC|  |TAMS 0x0000000080400000, 0x0000000080300000| Complete 
|   4|0x0000000080400000, 0x0000000080500000, 0x0000000080500000|100%| O|  |TAMS 0x0000000080500000, 0x0000000080400000| Untracked 
|   5|0x0000000080500000, 0x0000000080600000, 0x0000000080600000|100%| O|  |TAMS 0x0000000080600000, 0x0000000080500000| Untracked 
|   6|0x0000000080600000, 0x0000000080700000, 0x0000000080700000|100%| O|  |TAMS 0x0000000080700000, 0x0000000080600000| Untracked 
|   7|0x0000000080700000, 0x0000000080800000, 0x0000000080800000|100%| O|  |TAMS 0x0000000080800000, 0x0000000080700000| Untracked 
|   8|0x0000000080800000, 0x0000000080900000, 0x0000000080900000|100%| O|  |TAMS 0x0000000080900000, 0x0000000080800000| Untracked 
|   9|0x0000000080900000, 0x0000000080a00000, 0x0000000080a00000|100%| O|  |TAMS 0x0000000080a00000, 0x0000000080900000| Untracked 
|  10|0x0000000080a00000, 0x0000000080b00000, 0x0000000080b00000|100%| O|  |TAMS 0x0000000080b00000, 0x0000000080a00000| Untracked 
|  11|0x0000000080b00000, 0x0000000080c00000, 0x0000000080c00000|100%| O|  |TAMS 0x0000000080c00000, 0x0000000080b00000| Untracked 
|  12|0x0000000080c00000, 0x0000000080d00000, 0x0000000080d00000|100%| O|  |TAMS 0x0000000080d00000, 0x0000000080c00000| Untracked 
|  13|0x0000000080d00000, 0x0000000080e00000, 0x0000000080e00000|100%| O|  |TAMS 0x0000000080e00000, 0x0000000080d00000| Untracked 
|  14|0x0000000080e00000, 0x0000000080f00000, 0x0000000080f00000|100%| O|  |TAMS 0x0000000080f00000, 0x0000000080e00000| Untracked 
|  15|0x0000000080f00000, 0x0000000081000000, 0x0000000081000000|100%| O|  |TAMS 0x0000000081000000, 0x0000000080f00000| Untracked 
|  16|0x0000000081000000, 0x0000000081100000, 0x0000000081100000|100%| O|  |TAMS 0x0000000081100000, 0x0000000081000000| Untracked 
|  17|0x0000000081100000, 0x0000000081200000, 0x0000000081200000|100%| O|  |TAMS 0x0000000081200000, 0x0000000081100000| Untracked 
|  18|0x0000000081200000, 0x0000000081300000, 0x0000000081300000|100%| O|  |TAMS 0x0000000081300000, 0x0000000081200000| Untracked 
|  19|0x0000000081300000, 0x0000000081400000, 0x0000000081400000|100%| O|  |TAMS 0x0000000081400000, 0x0000000081300000| Untracked 
|  20|0x0000000081400000, 0x0000000081500000, 0x0000000081500000|100%| O|  |TAMS 0x0000000081500000, 0x0000000081400000| Untracked 
|  21|0x0000000081500000, 0x0000000081600000, 0x0000000081600000|100%| O|  |TAMS 0x0000000081600000, 0x0000000081500000| Untracked 
|  22|0x0000000081600000, 0x0000000081700000, 0x0000000081700000|100%| O|  |TAMS 0x0000000081700000, 0x0000000081600000| Untracked 
|  23|0x0000000081700000, 0x0000000081800000, 0x0000000081800000|100%|HS|  |TAMS 0x0000000081700000, 0x0000000081700000| Complete 
|  24|0x0000000081800000, 0x0000000081900000, 0x0000000081900000|100%| O|  |TAMS 0x0000000081900000, 0x0000000081800000| Untracked 
|  25|0x0000000081900000, 0x0000000081a00000, 0x0000000081a00000|100%| O|  |TAMS 0x0000000081a00000, 0x0000000081900000| Untracked 
|  26|0x0000000081a00000, 0x0000000081b00000, 0x0000000081b00000|100%| O|  |TAMS 0x0000000081b00000, 0x0000000081a00000| Untracked 
|  27|0x0000000081b00000, 0x0000000081c00000, 0x0000000081c00000|100%| O|  |TAMS 0x0000000081c00000, 0x0000000081b00000| Untracked 
|  28|0x0000000081c00000, 0x0000000081d00000, 0x0000000081d00000|100%| O|  |TAMS 0x0000000081d00000, 0x0000000081c00000| Untracked 
|  29|0x0000000081d00000, 0x0000000081e00000, 0x0000000081e00000|100%| O|  |TAMS 0x0000000081d00000, 0x0000000081d00000| Untracked 
|  30|0x0000000081e00000, 0x0000000081f00000, 0x0000000081f00000|100%| O|  |TAMS 0x0000000081f00000, 0x0000000081e00000| Untracked 
|  31|0x0000000081f00000, 0x0000000082000000, 0x0000000082000000|100%| O|  |TAMS 0x0000000082000000, 0x0000000081f00000| Untracked 
|  32|0x0000000082000000, 0x0000000082100000, 0x0000000082100000|100%| O|  |TAMS 0x0000000082100000, 0x0000000082000000| Untracked 
|  33|0x0000000082100000, 0x0000000082200000, 0x0000000082200000|100%| O|  |TAMS 0x0000000082200000, 0x0000000082100000| Untracked 
|  34|0x0000000082200000, 0x0000000082300000, 0x0000000082300000|100%| O|  |TAMS 0x0000000082300000, 0x0000000082200000| Untracked 
|  35|0x0000000082300000, 0x0000000082400000, 0x0000000082400000|100%| O|  |TAMS 0x0000000082400000, 0x0000000082300000| Untracked 
|  36|0x0000000082400000, 0x0000000082500000, 0x0000000082500000|100%| O|  |TAMS 0x0000000082500000, 0x0000000082400000| Untracked 
|  37|0x0000000082500000, 0x0000000082600000, 0x0000000082600000|100%| O|  |TAMS 0x0000000082600000, 0x0000000082500000| Untracked 
|  38|0x0000000082600000, 0x0000000082700000, 0x0000000082700000|100%| O|  |TAMS 0x0000000082700000, 0x0000000082600000| Untracked 
|  39|0x0000000082700000, 0x0000000082800000, 0x0000000082800000|100%| O|  |TAMS 0x0000000082800000, 0x0000000082700000| Untracked 
|  40|0x0000000082800000, 0x0000000082900000, 0x0000000082900000|100%|HS|  |TAMS 0x0000000082900000, 0x0000000082800000| Complete 
|  41|0x0000000082900000, 0x0000000082a00000, 0x0000000082a00000|100%|HC|  |TAMS 0x0000000082a00000, 0x0000000082900000| Complete 
|  42|0x0000000082a00000, 0x0000000082b00000, 0x0000000082b00000|100%|HS|  |TAMS 0x0000000082b00000, 0x0000000082a00000| Complete 
|  43|0x0000000082b00000, 0x0000000082c00000, 0x0000000082c00000|100%|HC|  |TAMS 0x0000000082c00000, 0x0000000082b00000| Complete 
|  44|0x0000000082c00000, 0x0000000082d00000, 0x0000000082d00000|100%|HS|  |TAMS 0x0000000082d00000, 0x0000000082c00000| Complete 
|  45|0x0000000082d00000, 0x0000000082e00000, 0x0000000082e00000|100%|HC|  |TAMS 0x0000000082e00000, 0x0000000082d00000| Complete 
|  46|0x0000000082e00000, 0x0000000082f00000, 0x0000000082f00000|100%|HC|  |TAMS 0x0000000082f00000, 0x0000000082e00000| Complete 
|  47|0x0000000082f00000, 0x0000000083000000, 0x0000000083000000|100%|HC|  |TAMS 0x0000000083000000, 0x0000000082f00000| Complete 
|  48|0x0000000083000000, 0x0000000083100000, 0x0000000083100000|100%| O|  |TAMS 0x0000000083100000, 0x0000000083000000| Untracked 
|  49|0x0000000083100000, 0x0000000083200000, 0x0000000083200000|100%| O|  |TAMS 0x0000000083200000, 0x0000000083100000| Untracked 
|  50|0x0000000083200000, 0x0000000083300000, 0x0000000083300000|100%| O|  |TAMS 0x0000000083300000, 0x0000000083200000| Untracked 
|  51|0x0000000083300000, 0x0000000083400000, 0x0000000083400000|100%| O|  |TAMS 0x0000000083400000, 0x0000000083300000| Untracked 
|  52|0x0000000083400000, 0x0000000083500000, 0x0000000083500000|100%| O|  |TAMS 0x0000000083500000, 0x0000000083400000| Untracked 
|  53|0x0000000083500000, 0x0000000083600000, 0x0000000083600000|100%|HS|  |TAMS 0x0000000083600000, 0x0000000083500000| Complete 
|  54|0x0000000083600000, 0x0000000083700000, 0x0000000083700000|100%|HC|  |TAMS 0x0000000083700000, 0x0000000083600000| Complete 
|  55|0x0000000083700000, 0x0000000083800000, 0x0000000083800000|100%|HC|  |TAMS 0x0000000083800000, 0x0000000083700000| Complete 
|  56|0x0000000083800000, 0x0000000083900000, 0x0000000083900000|100%|HC|  |TAMS 0x0000000083900000, 0x0000000083800000| Complete 
|  57|0x0000000083900000, 0x0000000083a00000, 0x0000000083a00000|100%| O|  |TAMS 0x0000000083a00000, 0x0000000083900000| Untracked 
|  58|0x0000000083a00000, 0x0000000083b00000, 0x0000000083b00000|100%| O|  |TAMS 0x0000000083b00000, 0x0000000083a00000| Untracked 
|  59|0x0000000083b00000, 0x0000000083c00000, 0x0000000083c00000|100%| O|  |TAMS 0x0000000083c00000, 0x0000000083b00000| Untracked 
|  60|0x0000000083c00000, 0x0000000083d00000, 0x0000000083d00000|100%| O|  |TAMS 0x0000000083d00000, 0x0000000083c00000| Untracked 
|  61|0x0000000083d00000, 0x0000000083e00000, 0x0000000083e00000|100%| O|  |TAMS 0x0000000083e00000, 0x0000000083d00000| Untracked 
|  62|0x0000000083e00000, 0x0000000083f00000, 0x0000000083f00000|100%| O|  |TAMS 0x0000000083f00000, 0x0000000083e00000| Untracked 
|  63|0x0000000083f00000, 0x0000000084000000, 0x0000000084000000|100%| O|  |TAMS 0x0000000084000000, 0x0000000083f00000| Untracked 
|  64|0x0000000084000000, 0x0000000084100000, 0x0000000084100000|100%| O|  |TAMS 0x0000000084100000, 0x0000000084000000| Untracked 
|  65|0x0000000084100000, 0x0000000084200000, 0x0000000084200000|100%| O|  |TAMS 0x0000000084200000, 0x0000000084100000| Untracked 
|  66|0x0000000084200000, 0x0000000084300000, 0x0000000084300000|100%| O|  |TAMS 0x0000000084300000, 0x0000000084200000| Untracked 
|  67|0x0000000084300000, 0x0000000084400000, 0x0000000084400000|100%|HS|  |TAMS 0x0000000084400000, 0x0000000084300000| Complete 
|  68|0x0000000084400000, 0x0000000084500000, 0x0000000084500000|100%|HS|  |TAMS 0x0000000084500000, 0x0000000084400000| Complete 
|  69|0x0000000084500000, 0x0000000084600000, 0x0000000084600000|100%|HS|  |TAMS 0x0000000084600000, 0x0000000084500000| Complete 
|  70|0x0000000084600000, 0x0000000084700000, 0x0000000084700000|100%| O|  |TAMS 0x0000000084700000, 0x0000000084600000| Untracked 
|  71|0x0000000084700000, 0x0000000084800000, 0x0000000084800000|100%| O|  |TAMS 0x0000000084800000, 0x0000000084700000| Untracked 
|  72|0x0000000084800000, 0x0000000084900000, 0x0000000084900000|100%|HS|  |TAMS 0x0000000084900000, 0x0000000084800000| Complete 
|  73|0x0000000084900000, 0x0000000084a00000, 0x0000000084a00000|100%| O|  |TAMS 0x0000000084a00000, 0x0000000084900000| Untracked 
|  74|0x0000000084a00000, 0x0000000084b00000, 0x0000000084b00000|100%| O|  |TAMS 0x0000000084b00000, 0x0000000084a00000| Untracked 
|  75|0x0000000084b00000, 0x0000000084c00000, 0x0000000084c00000|100%| O|  |TAMS 0x0000000084c00000, 0x0000000084b00000| Untracked 
|  76|0x0000000084c00000, 0x0000000084d00000, 0x0000000084d00000|100%| O|  |TAMS 0x0000000084d00000, 0x0000000084c00000| Untracked 
|  77|0x0000000084d00000, 0x0000000084e00000, 0x0000000084e00000|100%| O|  |TAMS 0x0000000084e00000, 0x0000000084d00000| Untracked 
|  78|0x0000000084e00000, 0x0000000084f00000, 0x0000000084f00000|100%| O|  |TAMS 0x0000000084f00000, 0x0000000084e00000| Untracked 
|  79|0x0000000084f00000, 0x0000000085000000, 0x0000000085000000|100%| O|  |TAMS 0x0000000085000000, 0x0000000084f00000| Untracked 
|  80|0x0000000085000000, 0x0000000085100000, 0x0000000085100000|100%| O|  |TAMS 0x0000000085100000, 0x0000000085000000| Untracked 
|  81|0x0000000085100000, 0x0000000085200000, 0x0000000085200000|100%| O|  |TAMS 0x0000000085200000, 0x0000000085100000| Untracked 
|  82|0x0000000085200000, 0x0000000085300000, 0x0000000085300000|100%| O|  |TAMS 0x0000000085300000, 0x0000000085200000| Untracked 
|  83|0x0000000085300000, 0x0000000085400000, 0x0000000085400000|100%| O|  |TAMS 0x0000000085400000, 0x0000000085300000| Untracked 
|  84|0x0000000085400000, 0x0000000085500000, 0x0000000085500000|100%| O|  |TAMS 0x0000000085500000, 0x0000000085400000| Untracked 
|  85|0x0000000085500000, 0x0000000085600000, 0x0000000085600000|100%| O|  |TAMS 0x0000000085600000, 0x0000000085500000| Untracked 
|  86|0x0000000085600000, 0x0000000085700000, 0x0000000085700000|100%| O|  |TAMS 0x0000000085608000, 0x0000000085600000| Untracked 
|  87|0x0000000085700000, 0x0000000085800000, 0x0000000085800000|100%| O|  |TAMS 0x0000000085700000, 0x0000000085700000| Untracked 
|  88|0x0000000085800000, 0x0000000085900000, 0x0000000085900000|100%| O|  |TAMS 0x0000000085800000, 0x0000000085800000| Untracked 
|  89|0x0000000085900000, 0x0000000085a00000, 0x0000000085a00000|100%| O|  |TAMS 0x0000000085900000, 0x0000000085900000| Untracked 
|  90|0x0000000085a00000, 0x0000000085b00000, 0x0000000085b00000|100%|HS|  |TAMS 0x0000000085a00000, 0x0000000085a00000| Complete 
|  91|0x0000000085b00000, 0x0000000085c00000, 0x0000000085c00000|100%|HS|  |TAMS 0x0000000085b00000, 0x0000000085b00000| Complete 
|  92|0x0000000085c00000, 0x0000000085d00000, 0x0000000085d00000|100%|HS|  |TAMS 0x0000000085c00000, 0x0000000085c00000| Complete 
|  93|0x0000000085d00000, 0x0000000085e00000, 0x0000000085e00000|100%|HC|  |TAMS 0x0000000085d00000, 0x0000000085d00000| Complete 
|  94|0x0000000085e00000, 0x0000000085f00000, 0x0000000085f00000|100%| O|  |TAMS 0x0000000085e00000, 0x0000000085e00000| Untracked 
|  95|0x0000000085f00000, 0x0000000086000000, 0x0000000086000000|100%| O|  |TAMS 0x0000000085f00000, 0x0000000085f00000| Untracked 
|  96|0x0000000086000000, 0x0000000086100000, 0x0000000086100000|100%| O|  |TAMS 0x0000000086000000, 0x0000000086000000| Untracked 
|  97|0x0000000086100000, 0x0000000086200000, 0x0000000086200000|100%| O|  |TAMS 0x0000000086100000, 0x0000000086100000| Untracked 
|  98|0x0000000086200000, 0x0000000086300000, 0x0000000086300000|100%| O|  |TAMS 0x0000000086200000, 0x0000000086200000| Untracked 
|  99|0x0000000086300000, 0x0000000086400000, 0x0000000086400000|100%| O|  |TAMS 0x0000000086300000, 0x0000000086300000| Untracked 
| 100|0x0000000086400000, 0x0000000086500000, 0x0000000086500000|100%| O|  |TAMS 0x0000000086400000, 0x0000000086400000| Untracked 
| 101|0x0000000086500000, 0x0000000086600000, 0x0000000086600000|100%| O|  |TAMS 0x0000000086500000, 0x0000000086500000| Untracked 
| 102|0x0000000086600000, 0x0000000086700000, 0x0000000086700000|100%| O|  |TAMS 0x0000000086600000, 0x0000000086600000| Untracked 
| 103|0x0000000086700000, 0x0000000086800000, 0x0000000086800000|100%| O|  |TAMS 0x0000000086700000, 0x0000000086700000| Untracked 
| 104|0x0000000086800000, 0x0000000086900000, 0x0000000086900000|100%| O|  |TAMS 0x0000000086800000, 0x0000000086800000| Untracked 
| 105|0x0000000086900000, 0x0000000086a00000, 0x0000000086a00000|100%| O|  |TAMS 0x0000000086900000, 0x0000000086900000| Untracked 
| 106|0x0000000086a00000, 0x0000000086b00000, 0x0000000086b00000|100%| O|  |TAMS 0x0000000086a00000, 0x0000000086a00000| Untracked 
| 107|0x0000000086b00000, 0x0000000086c00000, 0x0000000086c00000|100%| O|  |TAMS 0x0000000086b00000, 0x0000000086b00000| Untracked 
| 108|0x0000000086c00000, 0x0000000086d00000, 0x0000000086d00000|100%| O|  |TAMS 0x0000000086c00000, 0x0000000086c00000| Untracked 
| 109|0x0000000086d00000, 0x0000000086e00000, 0x0000000086e00000|100%| O|  |TAMS 0x0000000086d00000, 0x0000000086d00000| Untracked 
| 110|0x0000000086e00000, 0x0000000086f00000, 0x0000000086f00000|100%| O|  |TAMS 0x0000000086e00000, 0x0000000086e00000| Untracked 
| 111|0x0000000086f00000, 0x0000000087000000, 0x0000000087000000|100%| O|  |TAMS 0x0000000086f00000, 0x0000000086f00000| Untracked 
| 112|0x0000000087000000, 0x0000000087100000, 0x0000000087100000|100%| O|  |TAMS 0x0000000087000000, 0x0000000087000000| Untracked 
| 113|0x0000000087100000, 0x0000000087200000, 0x0000000087200000|100%| O|  |TAMS 0x0000000087100000, 0x0000000087100000| Untracked 
| 114|0x0000000087200000, 0x0000000087300000, 0x0000000087300000|100%| O|  |TAMS 0x0000000087200000, 0x0000000087200000| Untracked 
| 115|0x0000000087300000, 0x0000000087400000, 0x0000000087400000|100%| O|  |TAMS 0x0000000087300000, 0x0000000087300000| Untracked 
| 116|0x0000000087400000, 0x0000000087500000, 0x0000000087500000|100%| O|  |TAMS 0x0000000087400000, 0x0000000087400000| Untracked 
| 117|0x0000000087500000, 0x0000000087600000, 0x0000000087600000|100%| O|  |TAMS 0x0000000087500000, 0x0000000087500000| Untracked 
| 118|0x0000000087600000, 0x0000000087700000, 0x0000000087700000|100%| O|  |TAMS 0x0000000087600000, 0x0000000087600000| Untracked 
| 119|0x0000000087700000, 0x0000000087800000, 0x0000000087800000|100%| O|  |TAMS 0x0000000087700000, 0x0000000087700000| Untracked 
| 120|0x0000000087800000, 0x0000000087900000, 0x0000000087900000|100%| O|  |TAMS 0x0000000087800000, 0x0000000087800000| Untracked 
| 121|0x0000000087900000, 0x0000000087a00000, 0x0000000087a00000|100%| O|  |TAMS 0x0000000087900000, 0x0000000087900000| Untracked 
| 122|0x0000000087a00000, 0x0000000087b00000, 0x0000000087b00000|100%| O|  |TAMS 0x0000000087a00000, 0x0000000087a00000| Untracked 
| 123|0x0000000087b00000, 0x0000000087c00000, 0x0000000087c00000|100%| O|  |TAMS 0x0000000087b00000, 0x0000000087b00000| Untracked 
| 124|0x0000000087c00000, 0x0000000087d00000, 0x0000000087d00000|100%| O|  |TAMS 0x0000000087c00000, 0x0000000087c00000| Untracked 
| 125|0x0000000087d00000, 0x0000000087e00000, 0x0000000087e00000|100%| O|  |TAMS 0x0000000087d00000, 0x0000000087d00000| Untracked 
| 126|0x0000000087e00000, 0x0000000087f00000, 0x0000000087f00000|100%| O|  |TAMS 0x0000000087e00000, 0x0000000087e00000| Untracked 
| 127|0x0000000087f00000, 0x0000000088000000, 0x0000000088000000|100%| O|  |TAMS 0x0000000087f00000, 0x0000000087f00000| Untracked 
| 128|0x0000000088000000, 0x0000000088100000, 0x0000000088100000|100%| O|  |TAMS 0x0000000088000000, 0x0000000088000000| Untracked 
| 129|0x0000000088100000, 0x0000000088200000, 0x0000000088200000|100%| O|  |TAMS 0x0000000088100000, 0x0000000088100000| Untracked 
| 130|0x0000000088200000, 0x0000000088300000, 0x0000000088300000|100%| O|  |TAMS 0x0000000088200000, 0x0000000088200000| Untracked 
| 131|0x0000000088300000, 0x0000000088400000, 0x0000000088400000|100%| O|  |TAMS 0x0000000088300000, 0x0000000088300000| Untracked 
| 132|0x0000000088400000, 0x0000000088500000, 0x0000000088500000|100%| O|  |TAMS 0x0000000088400000, 0x0000000088400000| Untracked 
| 133|0x0000000088500000, 0x0000000088600000, 0x0000000088600000|100%| O|  |TAMS 0x0000000088500000, 0x0000000088500000| Untracked 
| 134|0x0000000088600000, 0x0000000088700000, 0x0000000088700000|100%| O|  |TAMS 0x0000000088600000, 0x0000000088600000| Untracked 
| 135|0x0000000088700000, 0x0000000088800000, 0x0000000088800000|100%| O|  |TAMS 0x0000000088700000, 0x0000000088700000| Untracked 
| 136|0x0000000088800000, 0x0000000088900000, 0x0000000088900000|100%| O|  |TAMS 0x0000000088800000, 0x0000000088800000| Untracked 
| 137|0x0000000088900000, 0x0000000088a00000, 0x0000000088a00000|100%| O|  |TAMS 0x0000000088900000, 0x0000000088900000| Untracked 
| 138|0x0000000088a00000, 0x0000000088b00000, 0x0000000088b00000|100%| O|  |TAMS 0x0000000088a00000, 0x0000000088a00000| Untracked 
| 139|0x0000000088b00000, 0x0000000088c00000, 0x0000000088c00000|100%| O|  |TAMS 0x0000000088b00000, 0x0000000088b00000| Untracked 
| 140|0x0000000088c00000, 0x0000000088d00000, 0x0000000088d00000|100%| O|  |TAMS 0x0000000088c00000, 0x0000000088c00000| Untracked 
| 141|0x0000000088d00000, 0x0000000088de1400, 0x0000000088e00000| 87%| O|  |TAMS 0x0000000088d00000, 0x0000000088d00000| Untracked 
| 142|0x0000000088e00000, 0x0000000088e00000, 0x0000000088f00000|  0%| F|  |TAMS 0x0000000088e00000, 0x0000000088e00000| Untracked 
| 143|0x0000000088f00000, 0x0000000088f00000, 0x0000000089000000|  0%| F|  |TAMS 0x0000000088f00000, 0x0000000088f00000| Untracked 
| 144|0x0000000089000000, 0x0000000089100000, 0x0000000089100000|100%| O|  |TAMS 0x0000000089000000, 0x0000000089000000| Untracked 
| 145|0x0000000089100000, 0x0000000089200000, 0x0000000089200000|100%| O|  |TAMS 0x0000000089100000, 0x0000000089100000| Untracked 
| 146|0x0000000089200000, 0x0000000089300000, 0x0000000089300000|100%| O|  |TAMS 0x0000000089200000, 0x0000000089200000| Untracked 
| 147|0x0000000089300000, 0x0000000089400000, 0x0000000089400000|100%| O|  |TAMS 0x0000000089300000, 0x0000000089300000| Untracked 
| 148|0x0000000089400000, 0x0000000089500000, 0x0000000089500000|100%| O|  |TAMS 0x0000000089400000, 0x0000000089400000| Untracked 
| 149|0x0000000089500000, 0x0000000089600000, 0x0000000089600000|100%| O|  |TAMS 0x0000000089500000, 0x0000000089500000| Untracked 
| 150|0x0000000089600000, 0x0000000089700000, 0x0000000089700000|100%| O|  |TAMS 0x0000000089600000, 0x0000000089600000| Untracked 
| 151|0x0000000089700000, 0x0000000089800000, 0x0000000089800000|100%| O|  |TAMS 0x0000000089700000, 0x0000000089700000| Untracked 
| 152|0x0000000089800000, 0x0000000089900000, 0x0000000089900000|100%| O|  |TAMS 0x0000000089800000, 0x0000000089800000| Untracked 
| 153|0x0000000089900000, 0x0000000089a00000, 0x0000000089a00000|100%| O|  |TAMS 0x0000000089900000, 0x0000000089900000| Untracked 
| 154|0x0000000089a00000, 0x0000000089b00000, 0x0000000089b00000|100%| O|  |TAMS 0x0000000089a00000, 0x0000000089a00000| Untracked 
| 155|0x0000000089b00000, 0x0000000089c00000, 0x0000000089c00000|100%| O|  |TAMS 0x0000000089b00000, 0x0000000089b00000| Untracked 
| 156|0x0000000089c00000, 0x0000000089d00000, 0x0000000089d00000|100%| O|  |TAMS 0x0000000089c00000, 0x0000000089c00000| Untracked 
| 157|0x0000000089d00000, 0x0000000089e00000, 0x0000000089e00000|100%| O|  |TAMS 0x0000000089d00000, 0x0000000089d00000| Untracked 
| 158|0x0000000089e00000, 0x0000000089e00000, 0x0000000089f00000|  0%| F|  |TAMS 0x0000000089e00000, 0x0000000089e00000| Untracked 
| 159|0x0000000089f00000, 0x0000000089f00000, 0x000000008a000000|  0%| F|  |TAMS 0x0000000089f00000, 0x0000000089f00000| Untracked 
| 160|0x000000008a000000, 0x000000008a000000, 0x000000008a100000|  0%| F|  |TAMS 0x000000008a000000, 0x000000008a000000| Untracked 
| 161|0x000000008a100000, 0x000000008a100000, 0x000000008a200000|  0%| F|  |TAMS 0x000000008a100000, 0x000000008a100000| Untracked 
| 162|0x000000008a200000, 0x000000008a200000, 0x000000008a300000|  0%| F|  |TAMS 0x000000008a200000, 0x000000008a200000| Untracked 
| 163|0x000000008a300000, 0x000000008a300000, 0x000000008a400000|  0%| F|  |TAMS 0x000000008a300000, 0x000000008a300000| Untracked 
| 164|0x000000008a400000, 0x000000008a400000, 0x000000008a500000|  0%| F|  |TAMS 0x000000008a400000, 0x000000008a400000| Untracked 
| 165|0x000000008a500000, 0x000000008a500000, 0x000000008a600000|  0%| F|  |TAMS 0x000000008a500000, 0x000000008a500000| Untracked 
| 166|0x000000008a600000, 0x000000008a600000, 0x000000008a700000|  0%| F|  |TAMS 0x000000008a600000, 0x000000008a600000| Untracked 
| 167|0x000000008a700000, 0x000000008a700000, 0x000000008a800000|  0%| F|  |TAMS 0x000000008a700000, 0x000000008a700000| Untracked 
| 168|0x000000008a800000, 0x000000008a800000, 0x000000008a900000|  0%| F|  |TAMS 0x000000008a800000, 0x000000008a800000| Untracked 
| 169|0x000000008a900000, 0x000000008a900000, 0x000000008aa00000|  0%| F|  |TAMS 0x000000008a900000, 0x000000008a900000| Untracked 
| 170|0x000000008aa00000, 0x000000008aa00000, 0x000000008ab00000|  0%| F|  |TAMS 0x000000008aa00000, 0x000000008aa00000| Untracked 
| 171|0x000000008ab00000, 0x000000008ab00000, 0x000000008ac00000|  0%| F|  |TAMS 0x000000008ab00000, 0x000000008ab00000| Untracked 
| 172|0x000000008ac00000, 0x000000008ac00000, 0x000000008ad00000|  0%| F|  |TAMS 0x000000008ac00000, 0x000000008ac00000| Untracked 
| 173|0x000000008ad00000, 0x000000008ad00000, 0x000000008ae00000|  0%| F|  |TAMS 0x000000008ad00000, 0x000000008ad00000| Untracked 
| 174|0x000000008ae00000, 0x000000008ae00000, 0x000000008af00000|  0%| F|  |TAMS 0x000000008ae00000, 0x000000008ae00000| Untracked 
| 175|0x000000008af00000, 0x000000008af00000, 0x000000008b000000|  0%| F|  |TAMS 0x000000008af00000, 0x000000008af00000| Untracked 
| 176|0x000000008b000000, 0x000000008b000000, 0x000000008b100000|  0%| F|  |TAMS 0x000000008b000000, 0x000000008b000000| Untracked 
| 177|0x000000008b100000, 0x000000008b100000, 0x000000008b200000|  0%| F|  |TAMS 0x000000008b100000, 0x000000008b100000| Untracked 
| 178|0x000000008b200000, 0x000000008b200000, 0x000000008b300000|  0%| F|  |TAMS 0x000000008b200000, 0x000000008b200000| Untracked 
| 179|0x000000008b300000, 0x000000008b3bd230, 0x000000008b400000| 73%| S|CS|TAMS 0x000000008b300000, 0x000000008b300000| Complete 
| 180|0x000000008b400000, 0x000000008b400000, 0x000000008b500000|  0%| F|  |TAMS 0x000000008b400000, 0x000000008b400000| Untracked 
| 181|0x000000008b500000, 0x000000008b600000, 0x000000008b600000|100%| S|CS|TAMS 0x000000008b500000, 0x000000008b500000| Complete 
| 182|0x000000008b600000, 0x000000008b600000, 0x000000008b700000|  0%| F|  |TAMS 0x000000008b600000, 0x000000008b600000| Untracked 
| 183|0x000000008b700000, 0x000000008b7261c0, 0x000000008b800000| 14%| E|  |TAMS 0x000000008b700000, 0x000000008b700000| Complete 
| 184|0x000000008b800000, 0x000000008b900000, 0x000000008b900000|100%| E|CS|TAMS 0x000000008b800000, 0x000000008b800000| Complete 
| 185|0x000000008b900000, 0x000000008ba00000, 0x000000008ba00000|100%| E|CS|TAMS 0x000000008b900000, 0x000000008b900000| Complete 
| 186|0x000000008ba00000, 0x000000008bb00000, 0x000000008bb00000|100%| E|CS|TAMS 0x000000008ba00000, 0x000000008ba00000| Complete 
| 187|0x000000008bb00000, 0x000000008bc00000, 0x000000008bc00000|100%| E|CS|TAMS 0x000000008bb00000, 0x000000008bb00000| Complete 
| 188|0x000000008bc00000, 0x000000008bd00000, 0x000000008bd00000|100%| E|CS|TAMS 0x000000008bc00000, 0x000000008bc00000| Complete 
| 189|0x000000008bd00000, 0x000000008be00000, 0x000000008be00000|100%| E|CS|TAMS 0x000000008bd00000, 0x000000008bd00000| Complete 
| 190|0x000000008be00000, 0x000000008bf00000, 0x000000008bf00000|100%| E|CS|TAMS 0x000000008be00000, 0x000000008be00000| Complete 
| 191|0x000000008bf00000, 0x000000008c000000, 0x000000008c000000|100%| E|CS|TAMS 0x000000008bf00000, 0x000000008bf00000| Complete 
| 192|0x000000008c000000, 0x000000008c100000, 0x000000008c100000|100%| E|CS|TAMS 0x000000008c000000, 0x000000008c000000| Complete 
| 193|0x000000008c100000, 0x000000008c200000, 0x000000008c200000|100%| E|  |TAMS 0x000000008c100000, 0x000000008c100000| Complete 
| 194|0x000000008c200000, 0x000000008c300000, 0x000000008c300000|100%| E|CS|TAMS 0x000000008c200000, 0x000000008c200000| Complete 
| 195|0x000000008c300000, 0x000000008c400000, 0x000000008c400000|100%| E|CS|TAMS 0x000000008c300000, 0x000000008c300000| Complete 
| 196|0x000000008c400000, 0x000000008c500000, 0x000000008c500000|100%| E|CS|TAMS 0x000000008c400000, 0x000000008c400000| Complete 

Card table byte_map: [0x0000029cc59a0000,0x0000029cc5da0000] _byte_map_base: 0x0000029cc55a0000

Marking Bits (Prev, Next): (CMBitMap*) 0x0000029cac87ed10, (CMBitMap*) 0x0000029cac87ecd0
 Prev Bits: [0x0000029cc81a0000, 0x0000029cca1a0000)
 Next Bits: [0x0000029cc61a0000, 0x0000029cc81a0000)

Polling page: 0x0000029cac8e0000

Metaspace:

Usage:
  Non-class:     86.74 MB used.
      Class:     14.03 MB used.
       Both:    100.78 MB used.

Virtual space:
  Non-class space:      128.00 MB reserved,      87.25 MB ( 68%) committed,  2 nodes.
      Class space:      416.00 MB reserved,      14.50 MB (  3%) committed,  1 nodes.
             Both:      544.00 MB reserved,     101.75 MB ( 19%) committed. 

Chunk freelists:
   Non-Class:  8.05 MB
       Class:  1.55 MB
        Both:  9.59 MB

MaxMetaspaceSize: 512.00 MB
CompressedClassSpaceSize: 416.00 MB
Initial GC threshold: 21.00 MB
Current GC threshold: 134.69 MB
CDS: on
MetaspaceReclaimPolicy: balanced
 - commit_granule_bytes: 65536.
 - commit_granule_words: 8192.
 - virtual_space_node_default_size: 8388608.
 - enlarge_chunks_in_place: 1.
 - new_chunks_are_fully_committed: 0.
 - uncommit_free_chunks: 1.
 - use_allocation_guard: 0.
 - handle_deallocations: 1.


Internal statistics:

num_allocs_failed_limit: 6.
num_arena_births: 1218.
num_arena_deaths: 0.
num_vsnodes_births: 3.
num_vsnodes_deaths: 0.
num_space_committed: 1628.
num_space_uncommitted: 0.
num_chunks_returned_to_freelist: 6.
num_chunks_taken_from_freelist: 5564.
num_chunk_merges: 3.
num_chunk_splits: 3608.
num_chunks_enlarged: 2333.
num_inconsistent_stats: 0.

CodeHeap 'non-profiled nmethods': size=120000Kb used=6765Kb max_used=6923Kb free=113235Kb
 bounds [0x0000029cbd610000, 0x0000029cbdce0000, 0x0000029cc4b40000]
CodeHeap 'profiled nmethods': size=120000Kb used=24971Kb max_used=26559Kb free=95028Kb
 bounds [0x0000029cb5b40000, 0x0000029cb7540000, 0x0000029cbd070000]
CodeHeap 'non-nmethods': size=5760Kb used=2437Kb max_used=2487Kb free=3322Kb
 bounds [0x0000029cbd070000, 0x0000029cbd2f0000, 0x0000029cbd610000]
 total_blobs=14150 nmethods=13175 adapters=887
 compilation: enabled
              stopped_count=0, restarted_count=0
 full_count=0

Compilation events (20 events):
Event: 75.294 Thread 0x0000029cccc57a50 15297       2       com.google.common.collect.Maps$FilteredEntryMap$EntrySet::iterator (21 bytes)
Event: 75.295 Thread 0x0000029cccc57a50 nmethod 15297 0x0000029cb5ba3710 code [0x0000029cb5ba38e0, 0x0000029cb5ba3c58]
Event: 75.295 Thread 0x0000029cccc57a50 15299       2       com.google.common.collect.Iterators::addAll (41 bytes)
Event: 75.295 Thread 0x0000029cccc57a50 nmethod 15299 0x0000029cb5c12a90 code [0x0000029cb5c12c80, 0x0000029cb5c12fe8]
Event: 75.295 Thread 0x0000029cccc57a50 15300       2       com.google.common.collect.Sets::filter (75 bytes)
Event: 75.296 Thread 0x0000029cccc57a50 nmethod 15300 0x0000029cb62b4590 code [0x0000029cb62b4800, 0x0000029cb62b5558]
Event: 75.296 Thread 0x0000029cccc57a50 15306       2       com.google.common.collect.RegularImmutableMap::<init> (20 bytes)
Event: 75.297 Thread 0x0000029cccc57a50 nmethod 15306 0x0000029cb5f03f90 code [0x0000029cb5f04120, 0x0000029cb5f042d8]
Event: 75.297 Thread 0x0000029cccc57a50 15301       2       com.google.common.collect.Sets$FilteredSet::<init> (7 bytes)
Event: 75.297 Thread 0x0000029cccc57a50 nmethod 15301 0x0000029cb5f42690 code [0x0000029cb5f42820, 0x0000029cb5f429d8]
Event: 75.297 Thread 0x0000029cccc57a50 15302       2       com.google.common.collect.Collections2$FilteredCollection::<init> (15 bytes)
Event: 75.297 Thread 0x0000029cccc57a50 nmethod 15302 0x0000029cb6101910 code [0x0000029cb6101aa0, 0x0000029cb6101c58]
Event: 75.297 Thread 0x0000029cccc57a50 15303       2       com.google.common.collect.Maps$FilteredEntryNavigableMap::entrySet (10 bytes)
Event: 75.297 Thread 0x0000029cccc57a50 nmethod 15303 0x0000029cb5b48a90 code [0x0000029cb5b48c20, 0x0000029cb5b48d48]
Event: 75.297 Thread 0x0000029cccc57a50 15304       2       com.google.common.collect.Maps$ViewCachingAbstractMap::entrySet (23 bytes)
Event: 75.298 Thread 0x0000029cccc57a50 nmethod 15304 0x0000029cb61a7210 code [0x0000029cb61a73c0, 0x0000029cb61a7588]
Event: 75.298 Thread 0x0000029cccc57a50 15305       2       com.google.common.collect.Collections2$FilteredCollection::iterator (17 bytes)
Event: 75.298 Thread 0x0000029cccc57a50 nmethod 15305 0x0000029cb5ec3990 code [0x0000029cb5ec3b60, 0x0000029cb5ec3fc8]
Event: 75.298 Thread 0x0000029cccc57a50 15298       2       com.google.common.collect.Lists::newArrayList (12 bytes)
Event: 75.299 Thread 0x0000029cccc57a50 nmethod 15298 0x0000029cb5bf7410 code [0x0000029cb5bf75c0, 0x0000029cb5bf77a8]

GC Heap History (20 events):
Event: 70.466 GC heap before
{Heap before GC invocations=64 (full 0):
 garbage-first heap   total 201728K, used 176526K [0x0000000080000000, 0x0000000100000000)
  region size 1024K, 30 young (30720K), 3 survivors (3072K)
 Metaspace       used 102616K, committed 103616K, reserved 557056K
  class space    used 14316K, committed 14784K, reserved 425984K
}
Event: 70.472 GC heap after
{Heap after GC invocations=65 (full 0):
 garbage-first heap   total 201728K, used 147965K [0x0000000080000000, 0x0000000100000000)
  region size 1024K, 4 young (4096K), 4 survivors (4096K)
 Metaspace       used 102616K, committed 103616K, reserved 557056K
  class space    used 14316K, committed 14784K, reserved 425984K
}
Event: 70.956 GC heap before
{Heap before GC invocations=65 (full 0):
 garbage-first heap   total 201728K, used 176637K [0x0000000080000000, 0x0000000100000000)
  region size 1024K, 29 young (29696K), 4 survivors (4096K)
 Metaspace       used 102715K, committed 103680K, reserved 557056K
  class space    used 14319K, committed 14784K, reserved 425984K
}
Event: 70.962 GC heap after
{Heap after GC invocations=66 (full 0):
 garbage-first heap   total 201728K, used 150285K [0x0000000080000000, 0x0000000100000000)
  region size 1024K, 3 young (3072K), 3 survivors (3072K)
 Metaspace       used 102715K, committed 103680K, reserved 557056K
  class space    used 14319K, committed 14784K, reserved 425984K
}
Event: 71.630 GC heap before
{Heap before GC invocations=66 (full 0):
 garbage-first heap   total 201728K, used 181005K [0x0000000080000000, 0x0000000100000000)
  region size 1024K, 26 young (26624K), 3 survivors (3072K)
 Metaspace       used 102762K, committed 103744K, reserved 557056K
  class space    used 14320K, committed 14784K, reserved 425984K
}
Event: 71.634 GC heap after
{Heap after GC invocations=67 (full 0):
 garbage-first heap   total 201728K, used 152128K [0x0000000080000000, 0x0000000100000000)
  region size 1024K, 2 young (2048K), 2 survivors (2048K)
 Metaspace       used 102762K, committed 103744K, reserved 557056K
  class space    used 14320K, committed 14784K, reserved 425984K
}
Event: 72.201 GC heap before
{Heap before GC invocations=67 (full 0):
 garbage-first heap   total 201728K, used 177728K [0x0000000080000000, 0x0000000100000000)
  region size 1024K, 24 young (24576K), 2 survivors (2048K)
 Metaspace       used 102848K, committed 103808K, reserved 557056K
  class space    used 14331K, committed 14784K, reserved 425984K
}
Event: 72.206 GC heap after
{Heap after GC invocations=68 (full 0):
 garbage-first heap   total 201728K, used 154116K [0x0000000080000000, 0x0000000100000000)
  region size 1024K, 2 young (2048K), 2 survivors (2048K)
 Metaspace       used 102848K, committed 103808K, reserved 557056K
  class space    used 14331K, committed 14784K, reserved 425984K
}
Event: 72.618 GC heap before
{Heap before GC invocations=68 (full 0):
 garbage-first heap   total 201728K, used 177668K [0x0000000080000000, 0x0000000100000000)
  region size 1024K, 22 young (22528K), 2 survivors (2048K)
 Metaspace       used 102861K, committed 103808K, reserved 557056K
  class space    used 14331K, committed 14784K, reserved 425984K
}
Event: 72.623 GC heap after
{Heap after GC invocations=69 (full 0):
 garbage-first heap   total 201728K, used 155735K [0x0000000080000000, 0x0000000100000000)
  region size 1024K, 2 young (2048K), 2 survivors (2048K)
 Metaspace       used 102861K, committed 103808K, reserved 557056K
  class space    used 14331K, committed 14784K, reserved 425984K
}
Event: 73.320 GC heap before
{Heap before GC invocations=69 (full 0):
 garbage-first heap   total 201728K, used 174167K [0x0000000080000000, 0x0000000100000000)
  region size 1024K, 21 young (21504K), 2 survivors (2048K)
 Metaspace       used 102962K, committed 103872K, reserved 557056K
  class space    used 14338K, committed 14784K, reserved 425984K
}
Event: 73.325 GC heap after
{Heap after GC invocations=70 (full 0):
 garbage-first heap   total 201728K, used 156853K [0x0000000080000000, 0x0000000100000000)
  region size 1024K, 3 young (3072K), 3 survivors (3072K)
 Metaspace       used 102962K, committed 103872K, reserved 557056K
  class space    used 14338K, committed 14784K, reserved 425984K
}
Event: 73.798 GC heap before
{Heap before GC invocations=70 (full 0):
 garbage-first heap   total 201728K, used 178357K [0x0000000080000000, 0x0000000100000000)
  region size 1024K, 21 young (21504K), 3 survivors (3072K)
 Metaspace       used 102996K, committed 103936K, reserved 557056K
  class space    used 14339K, committed 14784K, reserved 425984K
}
Event: 73.805 GC heap after
{Heap after GC invocations=71 (full 0):
 garbage-first heap   total 201728K, used 158243K [0x0000000080000000, 0x0000000100000000)
  region size 1024K, 3 young (3072K), 3 survivors (3072K)
 Metaspace       used 102996K, committed 103936K, reserved 557056K
  class space    used 14339K, committed 14784K, reserved 425984K
}
Event: 74.206 GC heap before
{Heap before GC invocations=71 (full 0):
 garbage-first heap   total 201728K, used 178723K [0x0000000080000000, 0x0000000100000000)
  region size 1024K, 20 young (20480K), 3 survivors (3072K)
 Metaspace       used 103030K, committed 103936K, reserved 557056K
  class space    used 14344K, committed 14784K, reserved 425984K
}
Event: 74.211 GC heap after
{Heap after GC invocations=72 (full 0):
 garbage-first heap   total 201728K, used 159731K [0x0000000080000000, 0x0000000100000000)
  region size 1024K, 3 young (3072K), 3 survivors (3072K)
 Metaspace       used 103030K, committed 103936K, reserved 557056K
  class space    used 14344K, committed 14784K, reserved 425984K
}
Event: 74.653 GC heap before
{Heap before GC invocations=72 (full 0):
 garbage-first heap   total 201728K, used 175091K [0x0000000080000000, 0x0000000100000000)
  region size 1024K, 19 young (19456K), 3 survivors (3072K)
 Metaspace       used 103160K, committed 104128K, reserved 557056K
  class space    used 14368K, committed 14848K, reserved 425984K
}
Event: 74.659 GC heap after
{Heap after GC invocations=73 (full 0):
 garbage-first heap   total 201728K, used 160658K [0x0000000080000000, 0x0000000100000000)
  region size 1024K, 3 young (3072K), 3 survivors (3072K)
 Metaspace       used 103160K, committed 104128K, reserved 557056K
  class space    used 14368K, committed 14848K, reserved 425984K
}
Event: 75.091 GC heap before
{Heap before GC invocations=73 (full 0):
 garbage-first heap   total 201728K, used 174994K [0x0000000080000000, 0x0000000100000000)
  region size 1024K, 18 young (18432K), 3 survivors (3072K)
 Metaspace       used 103174K, committed 104128K, reserved 557056K
  class space    used 14368K, committed 14848K, reserved 425984K
}
Event: 75.095 GC heap after
{Heap after GC invocations=74 (full 0):
 garbage-first heap   total 201728K, used 161401K [0x0000000080000000, 0x0000000100000000)
  region size 1024K, 2 young (2048K), 2 survivors (2048K)
 Metaspace       used 103174K, committed 104128K, reserved 557056K
  class space    used 14368K, committed 14848K, reserved 425984K
}

Dll operation events (14 events):
Event: 0.022 Loaded shared library C:\Program Files\Microsoft\jdk-17.0.8.7-hotspot\bin\java.dll
Event: 0.061 Loaded shared library C:\Program Files\Microsoft\jdk-17.0.8.7-hotspot\bin\jsvml.dll
Event: 0.181 Loaded shared library C:\Program Files\Microsoft\jdk-17.0.8.7-hotspot\bin\zip.dll
Event: 0.188 Loaded shared library C:\Program Files\Microsoft\jdk-17.0.8.7-hotspot\bin\instrument.dll
Event: 0.197 Loaded shared library C:\Program Files\Microsoft\jdk-17.0.8.7-hotspot\bin\net.dll
Event: 0.202 Loaded shared library C:\Program Files\Microsoft\jdk-17.0.8.7-hotspot\bin\nio.dll
Event: 0.212 Loaded shared library C:\Program Files\Microsoft\jdk-17.0.8.7-hotspot\bin\zip.dll
Event: 0.883 Loaded shared library C:\Program Files\Microsoft\jdk-17.0.8.7-hotspot\bin\jimage.dll
Event: 1.071 Loaded shared library C:\Program Files\Microsoft\jdk-17.0.8.7-hotspot\bin\verify.dll
Event: 1.515 Loaded shared library C:\Users\owais\.gradle\native\68d5fa5c4cc2d200863cafc0d521ce42e7d3e7ee720ec0a83991735586a16f82\windows-amd64\native-platform.dll
Event: 1.561 Loaded shared library C:\Users\owais\.gradle\native\e376f236ea51e6404a007f0833ffe2c6e607c4080706a723a18a27aeea778392\windows-amd64\native-platform-file-events.dll
Event: 4.370 Loaded shared library C:\Program Files\Microsoft\jdk-17.0.8.7-hotspot\bin\management.dll
Event: 4.377 Loaded shared library C:\Program Files\Microsoft\jdk-17.0.8.7-hotspot\bin\management_ext.dll
Event: 5.697 Loaded shared library C:\Program Files\Microsoft\jdk-17.0.8.7-hotspot\bin\sunmscapi.dll

Deoptimization events (20 events):
Event: 73.893 Thread 0x0000029cefba48f0 Uncommon trap: trap_request=0xffffff45 fr.pc=0x0000029cbdbcb558 relative=0x0000000000000798
Event: 73.893 Thread 0x0000029cefba48f0 Uncommon trap: reason=unstable_if action=reinterpret pc=0x0000029cbdbcb558 method=com.google.common.cache.LocalCache$AccessQueue.contains(Ljava/lang/Object;)Z @ 14 c2
Event: 73.893 Thread 0x0000029cefba48f0 DEOPT PACKING pc=0x0000029cbdbcb558 sp=0x000000bde99fb250
Event: 73.893 Thread 0x0000029cefba48f0 DEOPT UNPACKING pc=0x0000029cbd0c69a3 sp=0x000000bde99fb1a8 mode 2
Event: 74.927 Thread 0x0000029cef7bca20 Uncommon trap: trap_request=0xffffffd6 fr.pc=0x0000029cbdccffec relative=0x0000000000000a4c
Event: 74.927 Thread 0x0000029cef7bca20 Uncommon trap: reason=array_check action=maybe_recompile pc=0x0000029cbdccffec method=com.google.common.collect.RegularImmutableMap.fromEntryArrayCheckingBucketOverflow(I[Ljava/util/Map$Entry;Z)Lcom/google/common/collect/ImmutableMap; @ 216 c2
Event: 74.927 Thread 0x0000029cef7bca20 DEOPT PACKING pc=0x0000029cbdccffec sp=0x000000bde79fe270
Event: 74.927 Thread 0x0000029cef7bca20 DEOPT UNPACKING pc=0x0000029cbd0c69a3 sp=0x000000bde79fe220 mode 2
Event: 74.928 Thread 0x0000029cefe12b00 Uncommon trap: trap_request=0xffffffd6 fr.pc=0x0000029cbdccffec relative=0x0000000000000a4c
Event: 74.928 Thread 0x0000029cefe12b00 Uncommon trap: reason=array_check action=maybe_recompile pc=0x0000029cbdccffec method=com.google.common.collect.RegularImmutableMap.fromEntryArrayCheckingBucketOverflow(I[Ljava/util/Map$Entry;Z)Lcom/google/common/collect/ImmutableMap; @ 216 c2
Event: 74.928 Thread 0x0000029cefe12b00 DEOPT PACKING pc=0x0000029cbdccffec sp=0x000000bdedafc550
Event: 74.928 Thread 0x0000029cefe12b00 DEOPT UNPACKING pc=0x0000029cbd0c69a3 sp=0x000000bdedafc500 mode 2
Event: 74.930 Thread 0x0000029cef7bca20 Uncommon trap: trap_request=0xffffffd6 fr.pc=0x0000029cbdccffec relative=0x0000000000000a4c
Event: 74.930 Thread 0x0000029cef7bca20 Uncommon trap: reason=array_check action=maybe_recompile pc=0x0000029cbdccffec method=com.google.common.collect.RegularImmutableMap.fromEntryArrayCheckingBucketOverflow(I[Ljava/util/Map$Entry;Z)Lcom/google/common/collect/ImmutableMap; @ 216 c2
Event: 74.930 Thread 0x0000029cef7bca20 DEOPT PACKING pc=0x0000029cbdccffec sp=0x000000bde79fe270
Event: 74.930 Thread 0x0000029cef7bca20 DEOPT UNPACKING pc=0x0000029cbd0c69a3 sp=0x000000bde79fe220 mode 2
Event: 74.930 Thread 0x0000029cef7bca20 Uncommon trap: trap_request=0xffffffd6 fr.pc=0x0000029cbdccffec relative=0x0000000000000a4c
Event: 74.930 Thread 0x0000029cef7bca20 Uncommon trap: reason=array_check action=maybe_recompile pc=0x0000029cbdccffec method=com.google.common.collect.RegularImmutableMap.fromEntryArrayCheckingBucketOverflow(I[Ljava/util/Map$Entry;Z)Lcom/google/common/collect/ImmutableMap; @ 216 c2
Event: 74.930 Thread 0x0000029cef7bca20 DEOPT PACKING pc=0x0000029cbdccffec sp=0x000000bde79fe000
Event: 74.930 Thread 0x0000029cef7bca20 DEOPT UNPACKING pc=0x0000029cbd0c69a3 sp=0x000000bde79fdfb0 mode 2

Classes unloaded (0 events):
No events

Classes redefined (0 events):
No events

Internal exceptions (20 events):
Event: 67.451 Thread 0x0000029cefba1650 Exception <a 'java/lang/ClassNotFoundException'{0x000000008b5012b8}: java/io/WriterBeanInfo> (0x000000008b5012b8) 
thrown [s\src\hotspot\share\classfile\systemDictionary.cpp, line 256]
Event: 67.452 Thread 0x0000029cefba1650 Exception <a 'java/lang/ClassNotFoundException'{0x000000008b5069b0}: java/io/WriterCustomizer> (0x000000008b5069b0) 
thrown [s\src\hotspot\share\classfile\systemDictionary.cpp, line 256]
Event: 67.453 Thread 0x0000029cefba1650 Exception <a 'java/lang/ClassNotFoundException'{0x000000008b515720}: java/io/BufferedWriterCustomizer> (0x000000008b515720) 
thrown [s\src\hotspot\share\classfile\systemDictionary.cpp, line 256]
Event: 67.604 Thread 0x0000029cefba2a90 Exception <a 'java/lang/NoSuchMethodError'{0x000000008b5baa10}: static Lcom/android/build/api/variant/BuildConfigField;.<clinit>()V> (0x000000008b5baa10) 
thrown [s\src\hotspot\share\prims\jni.cpp, line 1107]
Event: 70.565 Thread 0x0000029cefba2a90 Exception <a 'java/lang/NoSuchMethodError'{0x000000008c1a37a8}: static Lcom/android/build/api/variant/impl/ResValueKeyImpl;.<clinit>()V> (0x000000008c1a37a8) 
thrown [s\src\hotspot\share\prims\jni.cpp, line 1107]
Event: 70.568 Thread 0x0000029cefba2a90 Exception <a 'java/lang/NoSuchMethodError'{0x000000008c1b3498}: static Lcom/android/build/api/variant/ResValue;.<clinit>()V> (0x000000008c1b3498) 
thrown [s\src\hotspot\share\prims\jni.cpp, line 1107]
Event: 70.585 Thread 0x0000029cefba2a90 Exception <a 'sun/nio/fs/WindowsException'{0x000000008c1f0ff0}> (0x000000008c1f0ff0) 
thrown [s\src\hotspot\share\prims\jni.cpp, line 516]
Event: 70.613 Thread 0x0000029cefba2a90 Exception <a 'sun/nio/fs/WindowsException'{0x000000008c0731a8}> (0x000000008c0731a8) 
thrown [s\src\hotspot\share\prims\jni.cpp, line 516]
Event: 71.894 Thread 0x0000029cefba0720 Exception <a 'java/lang/NoSuchMethodError'{0x000000008c067630}: static Lcom/android/build/gradle/internal/scope/InternalArtifactType;.<clinit>()V> (0x000000008c067630) 
thrown [s\src\hotspot\share\prims\jni.cpp, line 1107]
Event: 71.895 Thread 0x0000029cefba0720 Exception <a 'java/lang/NoSuchMethodError'{0x000000008c069508}: static Lcom/android/build/gradle/internal/scope/InternalArtifactType;.<clinit>()V> (0x000000008c069508) 
thrown [s\src\hotspot\share\prims\jni.cpp, line 1107]
Event: 71.897 Thread 0x0000029cefba0720 Exception <a 'java/lang/NoSuchMethodError'{0x000000008c06d250}: static Lcom/android/build/api/artifact/Artifact$Single;.<clinit>()V> (0x000000008c06d250) 
thrown [s\src\hotspot\share\prims\jni.cpp, line 1107]
Event: 71.897 Thread 0x0000029cefba0720 Exception <a 'java/lang/NoSuchMethodError'{0x000000008c070400}: static Ljava/lang/Object;.<clinit>()V> (0x000000008c070400) 
thrown [s\src\hotspot\share\prims\jni.cpp, line 1107]
Event: 71.907 Thread 0x0000029cefba0720 Exception <a 'java/lang/NoSuchMethodError'{0x000000008c08fec8}: static Lcom/android/build/api/artifact/ArtifactKind;.<clinit>()V> (0x000000008c08fec8) 
thrown [s\src\hotspot\share\prims\jni.cpp, line 1107]
Event: 71.913 Thread 0x0000029cefba0720 Exception <a 'java/lang/NoSuchMethodError'{0x000000008c091a48}: static Lcom/android/build/api/artifact/ArtifactKind;.<clinit>()V> (0x000000008c091a48) 
thrown [s\src\hotspot\share\prims\jni.cpp, line 1107]
Event: 72.946 Thread 0x0000029cefba2a90 Exception <a 'java/lang/NoSuchMethodError'{0x000000008bb85648}: static Ljava/lang/Object;.<clinit>()V> (0x000000008bb85648) 
thrown [s\src\hotspot\share\prims\jni.cpp, line 1107]
Event: 73.546 Thread 0x0000029cefba0720 Exception <a 'sun/nio/fs/WindowsException'{0x000000008bf0c568}> (0x000000008bf0c568) 
thrown [s\src\hotspot\share\prims\jni.cpp, line 516]
Event: 73.567 Thread 0x0000029cefba0720 Exception <a 'sun/nio/fs/WindowsException'{0x000000008bf40dc0}> (0x000000008bf40dc0) 
thrown [s\src\hotspot\share\prims\jni.cpp, line 516]
Event: 73.587 Thread 0x0000029cefba0720 Exception <a 'sun/nio/fs/WindowsException'{0x000000008bf89980}> (0x000000008bf89980) 
thrown [s\src\hotspot\share\prims\jni.cpp, line 516]
Event: 73.792 Thread 0x0000029cefba2070 Implicit null exception at 0x0000029cbdbc62c5 to 0x0000029cbdbc7b10
Event: 73.815 Thread 0x0000029cefba48f0 Implicit null exception at 0x0000029cbdbdf6f8 to 0x0000029cbdbe0c08

VM Operations (20 events):
Event: 71.990 Executing VM operation: HandshakeAllThreads
Event: 71.990 Executing VM operation: HandshakeAllThreads done
Event: 72.201 Executing VM operation: G1CollectForAllocation
Event: 72.207 Executing VM operation: G1CollectForAllocation done
Event: 72.618 Executing VM operation: G1CollectForAllocation
Event: 72.623 Executing VM operation: G1CollectForAllocation done
Event: 73.319 Executing VM operation: G1CollectForAllocation
Event: 73.325 Executing VM operation: G1CollectForAllocation done
Event: 73.798 Executing VM operation: G1CollectForAllocation
Event: 73.805 Executing VM operation: G1CollectForAllocation done
Event: 74.206 Executing VM operation: G1CollectForAllocation
Event: 74.211 Executing VM operation: G1CollectForAllocation done
Event: 74.653 Executing VM operation: G1CollectForAllocation
Event: 74.661 Executing VM operation: G1CollectForAllocation done
Event: 74.927 Executing VM operation: HandshakeAllThreads
Event: 74.931 Executing VM operation: HandshakeAllThreads done
Event: 74.985 Executing VM operation: HandshakeAllThreads
Event: 74.985 Executing VM operation: HandshakeAllThreads done
Event: 75.090 Executing VM operation: G1CollectForAllocation
Event: 75.096 Executing VM operation: G1CollectForAllocation done

Events (20 events):
Event: 75.024 Thread 0x0000029cccc58450 flushing nmethod 0x0000029cb727d910
Event: 75.024 Thread 0x0000029cccc58450 flushing nmethod 0x0000029cb727ed10
Event: 75.025 Thread 0x0000029cccc58450 flushing nmethod 0x0000029cb728d510
Event: 75.025 Thread 0x0000029cccc58450 flushing nmethod 0x0000029cb728d990
Event: 75.025 Thread 0x0000029cccc58450 flushing nmethod 0x0000029cb729d010
Event: 75.025 Thread 0x0000029cccc58450 flushing nmethod 0x0000029cb729e310
Event: 75.025 Thread 0x0000029cccc58450 flushing nmethod 0x0000029cb72a1890
Event: 75.025 Thread 0x0000029cccc58450 flushing nmethod 0x0000029cb72a2010
Event: 75.025 Thread 0x0000029cccc58450 flushing nmethod 0x0000029cb72a2b10
Event: 75.025 Thread 0x0000029cccc58450 flushing nmethod 0x0000029cb72a3210
Event: 75.025 Thread 0x0000029cccc58450 flushing nmethod 0x0000029cb72abb10
Event: 75.025 Thread 0x0000029cccc58450 flushing nmethod 0x0000029cb72abf10
Event: 75.025 Thread 0x0000029cccc58450 flushing nmethod 0x0000029cb72ac590
Event: 75.025 Thread 0x0000029cccc58450 flushing nmethod 0x0000029cb72b5990
Event: 75.025 Thread 0x0000029cccc58450 flushing nmethod 0x0000029cb72ba210
Event: 75.025 Thread 0x0000029cccc58450 flushing nmethod 0x0000029cb72bba10
Event: 75.025 Thread 0x0000029cccc58450 flushing nmethod 0x0000029cb72dee10
Event: 75.025 Thread 0x0000029cccc58450 flushing nmethod 0x0000029cb72dfa90
Event: 75.025 Thread 0x0000029cccc58450 flushing nmethod 0x0000029cb72e3f90
Event: 75.025 Thread 0x0000029cccc58450 flushing nmethod 0x0000029cb72e7d10


Dynamic libraries:
0x00007ff71e850000 - 0x00007ff71e85e000 	C:\Program Files\Microsoft\jdk-17.0.8.7-hotspot\bin\java.exe
0x00007ffff4890000 - 0x00007ffff4a88000 	C:\Windows\SYSTEM32\ntdll.dll
0x00007ffff2cd0000 - 0x00007ffff2d8d000 	C:\Windows\System32\KERNEL32.DLL
0x00007ffff2300000 - 0x00007ffff25f6000 	C:\Windows\System32\KERNELBASE.dll
0x00007ffff21b0000 - 0x00007ffff22b0000 	C:\Windows\System32\ucrtbase.dll
0x00007fffc51c0000 - 0x00007fffc51d7000 	C:\Program Files\Microsoft\jdk-17.0.8.7-hotspot\bin\jli.dll
0x00007ffff44a0000 - 0x00007ffff463e000 	C:\Windows\System32\USER32.dll
0x00007fffc6ff0000 - 0x00007fffc700b000 	C:\Program Files\Microsoft\jdk-17.0.8.7-hotspot\bin\VCRUNTIME140.dll
0x00007ffff28a0000 - 0x00007ffff28c2000 	C:\Windows\System32\win32u.dll
0x00007ffff2b50000 - 0x00007ffff2b7b000 	C:\Windows\System32\GDI32.dll
0x00007ffff1f50000 - 0x00007ffff2067000 	C:\Windows\System32\gdi32full.dll
0x00007fffddf60000 - 0x00007fffde1fa000 	C:\Windows\WinSxS\amd64_microsoft.windows.common-controls_6595b64144ccf1df_6.0.19041.3636_none_60b6a03d71f818d5\COMCTL32.dll
0x00007ffff3270000 - 0x00007ffff330e000 	C:\Windows\System32\msvcrt.dll
0x00007ffff27d0000 - 0x00007ffff286d000 	C:\Windows\System32\msvcp_win.dll
0x00007ffff3e60000 - 0x00007ffff3e92000 	C:\Windows\System32\IMM32.DLL
0x00007fffc6cb0000 - 0x00007fffc6cbc000 	C:\Program Files\Microsoft\jdk-17.0.8.7-hotspot\bin\vcruntime140_1.dll
0x00007fffbbab0000 - 0x00007fffbbb3d000 	C:\Program Files\Microsoft\jdk-17.0.8.7-hotspot\bin\msvcp140.dll
0x00007fff55960000 - 0x00007fff565c5000 	C:\Program Files\Microsoft\jdk-17.0.8.7-hotspot\bin\server\jvm.dll
0x00007ffff2a10000 - 0x00007ffff2ac3000 	C:\Windows\System32\ADVAPI32.dll
0x00007ffff2d90000 - 0x00007ffff2e2f000 	C:\Windows\System32\sechost.dll
0x00007ffff4720000 - 0x00007ffff4846000 	C:\Windows\System32\RPCRT4.dll
0x00007ffff2870000 - 0x00007ffff2897000 	C:\Windows\System32\bcrypt.dll
0x00007fffc6290000 - 0x00007fffc6299000 	C:\Windows\SYSTEM32\WSOCK32.dll
0x00007ffff14a0000 - 0x00007ffff14eb000 	C:\Windows\SYSTEM32\POWRPROF.dll
0x00007ffff3370000 - 0x00007ffff33db000 	C:\Windows\System32\WS2_32.dll
0x00007fffe5ec0000 - 0x00007fffe5ee7000 	C:\Windows\SYSTEM32\WINMM.dll
0x00007fffeb2d0000 - 0x00007fffeb2da000 	C:\Windows\SYSTEM32\VERSION.dll
0x00007ffff13a0000 - 0x00007ffff13b2000 	C:\Windows\SYSTEM32\UMPDC.dll
0x00007ffff07b0000 - 0x00007ffff07c2000 	C:\Windows\SYSTEM32\kernel.appcore.dll
0x00007fffc5f70000 - 0x00007fffc5f7a000 	C:\Program Files\Microsoft\jdk-17.0.8.7-hotspot\bin\jimage.dll
0x00007fffefb30000 - 0x00007fffefd14000 	C:\Windows\SYSTEM32\DBGHELP.DLL
0x00007fffd7d80000 - 0x00007fffd7db4000 	C:\Windows\SYSTEM32\dbgcore.DLL
0x00007ffff2070000 - 0x00007ffff20f2000 	C:\Windows\System32\bcryptPrimitives.dll
0x00007fffc3cd0000 - 0x00007fffc3cde000 	C:\Program Files\Microsoft\jdk-17.0.8.7-hotspot\bin\instrument.dll
0x00007fffbe570000 - 0x00007fffbe595000 	C:\Program Files\Microsoft\jdk-17.0.8.7-hotspot\bin\java.dll
0x00007fffbb5b0000 - 0x00007fffbb687000 	C:\Program Files\Microsoft\jdk-17.0.8.7-hotspot\bin\jsvml.dll
0x00007ffff33e0000 - 0x00007ffff3b25000 	C:\Windows\System32\SHELL32.dll
0x00007ffff0000000 - 0x00007ffff079c000 	C:\Windows\SYSTEM32\windows.storage.dll
0x00007ffff2e30000 - 0x00007ffff3184000 	C:\Windows\System32\combase.dll
0x00007ffff1980000 - 0x00007ffff19ae000 	C:\Windows\SYSTEM32\Wldp.dll
0x00007ffff3190000 - 0x00007ffff325d000 	C:\Windows\System32\OLEAUT32.dll
0x00007ffff4640000 - 0x00007ffff46ed000 	C:\Windows\System32\SHCORE.dll
0x00007ffff3fd0000 - 0x00007ffff4025000 	C:\Windows\System32\shlwapi.dll
0x00007ffff1e80000 - 0x00007ffff1ea5000 	C:\Windows\SYSTEM32\profapi.dll
0x00007fffbe550000 - 0x00007fffbe568000 	C:\Program Files\Microsoft\jdk-17.0.8.7-hotspot\bin\zip.dll
0x00007fffc3e70000 - 0x00007fffc3e89000 	C:\Program Files\Microsoft\jdk-17.0.8.7-hotspot\bin\net.dll
0x00007fffeb1c0000 - 0x00007fffeb2ca000 	C:\Windows\SYSTEM32\WINHTTP.dll
0x00007ffff16e0000 - 0x00007ffff174a000 	C:\Windows\system32\mswsock.dll
0x00007fffbeac0000 - 0x00007fffbead6000 	C:\Program Files\Microsoft\jdk-17.0.8.7-hotspot\bin\nio.dll
0x00007fffc5d60000 - 0x00007fffc5d70000 	C:\Program Files\Microsoft\jdk-17.0.8.7-hotspot\bin\verify.dll
0x00007fffbdda0000 - 0x00007fffbddc7000 	C:\Users\owais\.gradle\native\68d5fa5c4cc2d200863cafc0d521ce42e7d3e7ee720ec0a83991735586a16f82\windows-amd64\native-platform.dll
0x00007fffada20000 - 0x00007fffadb64000 	C:\Users\owais\.gradle\native\e376f236ea51e6404a007f0833ffe2c6e607c4080706a723a18a27aeea778392\windows-amd64\native-platform-file-events.dll
0x00007fffc4ae0000 - 0x00007fffc4ae9000 	C:\Program Files\Microsoft\jdk-17.0.8.7-hotspot\bin\management.dll
0x00007fffc3d10000 - 0x00007fffc3d1b000 	C:\Program Files\Microsoft\jdk-17.0.8.7-hotspot\bin\management_ext.dll
0x00007ffff3260000 - 0x00007ffff3268000 	C:\Windows\System32\PSAPI.DLL
0x00007ffff18e0000 - 0x00007ffff18f8000 	C:\Windows\SYSTEM32\CRYPTSP.dll
0x00007ffff0f40000 - 0x00007ffff0f74000 	C:\Windows\system32\rsaenh.dll
0x00007ffff1e00000 - 0x00007ffff1e2e000 	C:\Windows\SYSTEM32\USERENV.dll
0x00007ffff18d0000 - 0x00007ffff18dc000 	C:\Windows\SYSTEM32\CRYPTBASE.dll
0x00007ffff1360000 - 0x00007ffff139b000 	C:\Windows\SYSTEM32\IPHLPAPI.DLL
0x00007ffff4710000 - 0x00007ffff4718000 	C:\Windows\System32\NSI.dll
0x00007fffec010000 - 0x00007fffec027000 	C:\Windows\SYSTEM32\dhcpcsvc6.DLL
0x00007fffebf90000 - 0x00007fffebfad000 	C:\Windows\SYSTEM32\dhcpcsvc.DLL
0x00007ffff13d0000 - 0x00007ffff149b000 	C:\Windows\SYSTEM32\DNSAPI.dll
0x00007fffbe540000 - 0x00007fffbe54e000 	C:\Program Files\Microsoft\jdk-17.0.8.7-hotspot\bin\sunmscapi.dll
0x00007ffff2670000 - 0x00007ffff27cd000 	C:\Windows\System32\CRYPT32.dll
0x00007ffff19f0000 - 0x00007ffff1a18000 	C:\Windows\SYSTEM32\ncrypt.dll
0x00007ffff19b0000 - 0x00007ffff19eb000 	C:\Windows\SYSTEM32\NTASN1.dll
0x00007fffbdd90000 - 0x00007fffbdd97000 	C:\Windows\system32\wshunix.dll
0x00007fffeab00000 - 0x00007fffeab0a000 	C:\Windows\System32\rasadhlp.dll
0x00007fffea180000 - 0x00007fffea200000 	C:\Windows\System32\fwpuclnt.dll
0x00007fffbc620000 - 0x00007fffbc637000 	C:\Windows\system32\napinsp.dll
0x00007fffbc600000 - 0x00007fffbc61b000 	C:\Windows\system32\pnrpnsp.dll
0x00007fffcfbc0000 - 0x00007fffcfbd5000 	C:\Windows\system32\wshbth.dll
0x00007fffed5b0000 - 0x00007fffed5cd000 	C:\Windows\system32\NLAapi.dll
0x00007fffbc5e0000 - 0x00007fffbc5f2000 	C:\Windows\System32\winrnr.dll

dbghelp: loaded successfully - version: 4.0.5 - missing functions: none
symbol engine: initialized successfully - sym options: 0x614 - pdb path: .;C:\Program Files\Microsoft\jdk-17.0.8.7-hotspot\bin;C:\Windows\SYSTEM32;C:\Windows\WinSxS\amd64_microsoft.windows.common-controls_6595b64144ccf1df_6.0.19041.3636_none_60b6a03d71f818d5;C:\Program Files\Microsoft\jdk-17.0.8.7-hotspot\bin\server;C:\Users\owais\.gradle\native\68d5fa5c4cc2d200863cafc0d521ce42e7d3e7ee720ec0a83991735586a16f82\windows-amd64;C:\Users\owais\.gradle\native\e376f236ea51e6404a007f0833ffe2c6e607c4080706a723a18a27aeea778392\windows-amd64

VM Arguments:
jvm_args: -XX:MaxMetaspaceSize=512m --add-opens=java.base/java.util=ALL-UNNAMED --add-opens=java.base/java.lang=ALL-UNNAMED --add-opens=java.base/java.lang.invoke=ALL-UNNAMED --add-opens=java.prefs/java.util.prefs=ALL-UNNAMED --add-opens=java.base/java.nio.charset=ALL-UNNAMED --add-opens=java.base/java.net=ALL-UNNAMED --add-opens=java.base/java.util.concurrent.atomic=ALL-UNNAMED -Xmx2048m -Dfile.encoding=windows-1252 -Duser.country=US -Duser.language=en -Duser.variant -javaagent:C:\Users\owais\.gradle\wrapper\dists\gradle-8.3-all\6en3ugtfdg5xnpx44z4qbwgas\gradle-8.3\lib\agents\gradle-instrumentation-agent-8.3.jar 
java_command: org.gradle.launcher.daemon.bootstrap.GradleDaemon 8.3
java_class_path (initial): C:\Users\owais\.gradle\wrapper\dists\gradle-8.3-all\6en3ugtfdg5xnpx44z4qbwgas\gradle-8.3\lib\gradle-launcher-8.3.jar
Launcher Type: SUN_STANDARD

[Global flags]
     intx CICompilerCount                          = 4                                         {product} {ergonomic}
   size_t CompressedClassSpaceSize                 = 436207616                                 {product} {ergonomic}
     uint ConcGCThreads                            = 2                                         {product} {ergonomic}
     uint G1ConcRefinementThreads                  = 8                                         {product} {ergonomic}
   size_t G1HeapRegionSize                         = 1048576                                   {product} {ergonomic}
    uintx GCDrainStackTargetSize                   = 64                                        {product} {ergonomic}
   size_t InitialHeapSize                          = 134217728                                 {product} {ergonomic}
   size_t MarkStackSize                            = 4194304                                   {product} {ergonomic}
   size_t MaxHeapSize                              = 2147483648                                {product} {command line}
   size_t MaxMetaspaceSize                         = 536870912                                 {product} {command line}
   size_t MaxNewSize                               = 1287651328                                {product} {ergonomic}
   size_t MinHeapDeltaBytes                        = 1048576                                   {product} {ergonomic}
   size_t MinHeapSize                              = 8388608                                   {product} {ergonomic}
    uintx NonNMethodCodeHeapSize                   = 5839372                                {pd product} {ergonomic}
    uintx NonProfiledCodeHeapSize                  = 122909434                              {pd product} {ergonomic}
    uintx ProfiledCodeHeapSize                     = 122909434                              {pd product} {ergonomic}
    uintx ReservedCodeCacheSize                    = 251658240                              {pd product} {ergonomic}
     bool SegmentedCodeCache                       = true                                      {product} {ergonomic}
   size_t SoftMaxHeapSize                          = 2147483648                             {manageable} {ergonomic}
     bool UseCompressedClassPointers               = true                           {product lp64_product} {ergonomic}
     bool UseCompressedOops                        = true                           {product lp64_product} {ergonomic}
     bool UseG1GC                                  = true                                      {product} {ergonomic}
     bool UseLargePagesIndividualAllocation        = false                                  {pd product} {ergonomic}

Logging:
Log output configuration:
 #0: stdout all=warning uptime,level,tags
 #1: stderr all=off uptime,level,tags

Environment Variables:
JAVA_HOME=C:\Program Files\Microsoft\jdk-17.0.8.7-hotspot\
CLASSPATH=F:\Agency\android\\gradle\wrapper\gradle-wrapper.jar
PATH=F:\Agency\node_modules\.bin;F:\Agency\node_modules\.bin;F:\node_modules\.bin;C:\Users\owais\AppData\Roaming\npm\node_modules\npm\node_modules\@npmcli\run-script\lib\node-gyp-bin;F:\Agency\node_modules\.bin;F:\node_modules\.bin;C:\Users\owais\AppData\Roaming\npm\node_modules\npm\node_modules\@npmcli\run-script\lib\node-gyp-bin;C:\Program Files\Microsoft\jdk-17.0.8.7-hotspot\bin;C:\Windows\system32;C:\Windows;C:\Windows\System32\Wbem;C:\Windows\System32\WindowsPowerShell\v1.0\;C:\Windows\System32\OpenSSH\;C:\Program Files\NVIDIA Corporation\NVIDIA NvDLISR;C:\Program Files (x86)\NVIDIA Corporation\PhysX\Common;C:\ProgramData\chocolatey\bin;C:\Program Files\nodejs\;C:\Users\owais\AppData\Local\Android\Sdk\platform-tools;C:\Program Files\Git\cmd;C:\Users\owais\AppData\Local\Microsoft\WindowsApps;C:\Users\owais\AppData\Local\Programs\Microsoft VS Code\bin;C:\Users\owais\AppData\Roaming\npm;C:\Users\owais\AppData\Local\Android\Sdk\platform-tools;
USERNAME=owais
LANG=en_US.UTF-8
OS=Windows_NT
PROCESSOR_IDENTIFIER=Intel64 Family 6 Model 58 Stepping 9, GenuineIntel
TMP=C:\Users\owais\AppData\Local\Temp
TEMP=C:\Users\owais\AppData\Local\Temp



---------------  S Y S T E M  ---------------

OS:
 Windows 10 , 64 bit Build 19041 (10.0.19041.3636)
OS uptime: 0 days 0:36 hours

CPU: total 8 (initial active 8) (4 cores per cpu, 2 threads per core) family 6 model 58 stepping 9 microcode 0x21, cx8, cmov, fxsr, ht, mmx, sse, sse2, sse3, ssse3, sse4.1, sse4.2, popcnt, tsc, tscinvbit, avx, aes, erms, clmul, vzeroupper, clflush
Processor Information for all 8 processors :
  Max Mhz: 3401, Current Mhz: 3401, Mhz Limit: 3401

Memory: 4k page, system-wide physical 8157M (270M free)
TotalPageFile size 24053M (AvailPageFile size 2959M)
current process WorkingSet (physical memory assigned to process): 405M, peak: 455M
current process commit charge ("private bytes"): 533M, peak: 537M

vm_info: OpenJDK 64-Bit Server VM (17.0.8+7-LTS) for windows-amd64 JRE (17.0.8+7-LTS), built on Jul  7 2023 17:21:55 by "MicrosoftCorporation" with MS VC++ 16.10 / 16.11 (VS2019)

END.
